[0.018s] Invoking command in '/home/lenovo2204/Documents/AGV/TurtleBot/build/turtlebot3': AMENT_PREFIX_PATH=/home/lenovo2204/Documents/AGV/TurtleBot/install/turtlebot3_bringup:/home/lenovo2204/Documents/AGV/TurtleBot/install/turtlebot3_teleop:/home/lenovo2204/Documents/AGV/TurtleBot/install/turtlebot3_node:/home/lenovo2204/Documents/AGV/TurtleBot/install/turtlebot3_navigation2:/home/lenovo2204/Documents/AGV/TurtleBot/install/turtlebot3_example:/home/lenovo2204/Documents/AGV/TurtleBot/install/turtlebot3_description:/home/lenovo2204/Documents/AGV/TurtleBot/install/turtlebot3_cartographer:${AMENT_PREFIX_PATH} CMAKE_PREFIX_PATH=/home/lenovo2204/Documents/AGV/TurtleBot/install/turtlebot3_bringup:/home/lenovo2204/Documents/AGV/TurtleBot/install/turtlebot3_node:/home/lenovo2204/Documents/AGV/TurtleBot/install/turtlebot3_navigation2:/home/lenovo2204/Documents/AGV/TurtleBot/install/turtlebot3_description:/home/lenovo2204/Documents/AGV/TurtleBot/install/turtlebot3_cartographer:/opt/ros/humble PYTHONPATH=/home/lenovo2204/Documents/AGV/TurtleBot/install/turtlebot3_teleop/lib/python3.10/site-packages:/home/lenovo2204/Documents/AGV/TurtleBot/install/turtlebot3_example/lib/python3.10/site-packages:${PYTHONPATH} /usr/bin/cmake /home/lenovo2204/Documents/AGV/TurtleBot/src/turtlebot3/turtlebot3 -DCMAKE_INSTALL_PREFIX=/home/lenovo2204/Documents/AGV/TurtleBot/install/turtlebot3
[0.098s] -- The C compiler identification is GNU 11.4.0
[0.166s] -- The CXX compiler identification is GNU 11.4.0
[0.175s] -- Detecting C compiler ABI info
[0.242s] -- Detecting C compiler ABI info - done
[0.251s] -- Check for working C compiler: /usr/bin/cc - skipped
[0.251s] -- Detecting C compile features
[0.252s] -- Detecting C compile features - done
[0.255s] -- Detecting CXX compiler ABI info
[0.351s] -- Detecting CXX compiler ABI info - done
[0.365s] -- Check for working CXX compiler: /usr/bin/c++ - skipped
[0.365s] -- Detecting CXX compile features
[0.365s] -- Detecting CXX compile features - done
[0.368s] -- Found ament_cmake: 1.3.10 (/opt/ros/humble/share/ament_cmake/cmake)
[0.552s] -- Found Python3: /usr/bin/python3 (found version "3.10.12") found components: Interpreter 
[0.747s] -- Configuring done
[0.750s] -- Generating done
[0.751s] -- Build files have been written to: /home/lenovo2204/Documents/AGV/TurtleBot/build/turtlebot3
[0.758s] Invoked command in '/home/lenovo2204/Documents/AGV/TurtleBot/build/turtlebot3' returned '0': AMENT_PREFIX_PATH=/home/lenovo2204/Documents/AGV/TurtleBot/install/turtlebot3_bringup:/home/lenovo2204/Documents/AGV/TurtleBot/install/turtlebot3_teleop:/home/lenovo2204/Documents/AGV/TurtleBot/install/turtlebot3_node:/home/lenovo2204/Documents/AGV/TurtleBot/install/turtlebot3_navigation2:/home/lenovo2204/Documents/AGV/TurtleBot/install/turtlebot3_example:/home/lenovo2204/Documents/AGV/TurtleBot/install/turtlebot3_description:/home/lenovo2204/Documents/AGV/TurtleBot/install/turtlebot3_cartographer:${AMENT_PREFIX_PATH} CMAKE_PREFIX_PATH=/home/lenovo2204/Documents/AGV/TurtleBot/install/turtlebot3_bringup:/home/lenovo2204/Documents/AGV/TurtleBot/install/turtlebot3_node:/home/lenovo2204/Documents/AGV/TurtleBot/install/turtlebot3_navigation2:/home/lenovo2204/Documents/AGV/TurtleBot/install/turtlebot3_description:/home/lenovo2204/Documents/AGV/TurtleBot/install/turtlebot3_cartographer:/opt/ros/humble PYTHONPATH=/home/lenovo2204/Documents/AGV/TurtleBot/install/turtlebot3_teleop/lib/python3.10/site-packages:/home/lenovo2204/Documents/AGV/TurtleBot/install/turtlebot3_example/lib/python3.10/site-packages:${PYTHONPATH} /usr/bin/cmake /home/lenovo2204/Documents/AGV/TurtleBot/src/turtlebot3/turtlebot3 -DCMAKE_INSTALL_PREFIX=/home/lenovo2204/Documents/AGV/TurtleBot/install/turtlebot3
[0.759s] Invoking command in '/home/lenovo2204/Documents/AGV/TurtleBot/build/turtlebot3': AMENT_PREFIX_PATH=/home/lenovo2204/Documents/AGV/TurtleBot/install/turtlebot3_bringup:/home/lenovo2204/Documents/AGV/TurtleBot/install/turtlebot3_teleop:/home/lenovo2204/Documents/AGV/TurtleBot/install/turtlebot3_node:/home/lenovo2204/Documents/AGV/TurtleBot/install/turtlebot3_navigation2:/home/lenovo2204/Documents/AGV/TurtleBot/install/turtlebot3_example:/home/lenovo2204/Documents/AGV/TurtleBot/install/turtlebot3_description:/home/lenovo2204/Documents/AGV/TurtleBot/install/turtlebot3_cartographer:${AMENT_PREFIX_PATH} CMAKE_PREFIX_PATH=/home/lenovo2204/Documents/AGV/TurtleBot/install/turtlebot3_bringup:/home/lenovo2204/Documents/AGV/TurtleBot/install/turtlebot3_node:/home/lenovo2204/Documents/AGV/TurtleBot/install/turtlebot3_navigation2:/home/lenovo2204/Documents/AGV/TurtleBot/install/turtlebot3_description:/home/lenovo2204/Documents/AGV/TurtleBot/install/turtlebot3_cartographer:/opt/ros/humble PYTHONPATH=/home/lenovo2204/Documents/AGV/TurtleBot/install/turtlebot3_teleop/lib/python3.10/site-packages:/home/lenovo2204/Documents/AGV/TurtleBot/install/turtlebot3_example/lib/python3.10/site-packages:${PYTHONPATH} /usr/bin/cmake --build /home/lenovo2204/Documents/AGV/TurtleBot/build/turtlebot3 -- -j4 -l4
[0.808s] Invoked command in '/home/lenovo2204/Documents/AGV/TurtleBot/build/turtlebot3' returned '0': AMENT_PREFIX_PATH=/home/lenovo2204/Documents/AGV/TurtleBot/install/turtlebot3_bringup:/home/lenovo2204/Documents/AGV/TurtleBot/install/turtlebot3_teleop:/home/lenovo2204/Documents/AGV/TurtleBot/install/turtlebot3_node:/home/lenovo2204/Documents/AGV/TurtleBot/install/turtlebot3_navigation2:/home/lenovo2204/Documents/AGV/TurtleBot/install/turtlebot3_example:/home/lenovo2204/Documents/AGV/TurtleBot/install/turtlebot3_description:/home/lenovo2204/Documents/AGV/TurtleBot/install/turtlebot3_cartographer:${AMENT_PREFIX_PATH} CMAKE_PREFIX_PATH=/home/lenovo2204/Documents/AGV/TurtleBot/install/turtlebot3_bringup:/home/lenovo2204/Documents/AGV/TurtleBot/install/turtlebot3_node:/home/lenovo2204/Documents/AGV/TurtleBot/install/turtlebot3_navigation2:/home/lenovo2204/Documents/AGV/TurtleBot/install/turtlebot3_description:/home/lenovo2204/Documents/AGV/TurtleBot/install/turtlebot3_cartographer:/opt/ros/humble PYTHONPATH=/home/lenovo2204/Documents/AGV/TurtleBot/install/turtlebot3_teleop/lib/python3.10/site-packages:/home/lenovo2204/Documents/AGV/TurtleBot/install/turtlebot3_example/lib/python3.10/site-packages:${PYTHONPATH} /usr/bin/cmake --build /home/lenovo2204/Documents/AGV/TurtleBot/build/turtlebot3 -- -j4 -l4
[0.832s] Invoking command in '/home/lenovo2204/Documents/AGV/TurtleBot/build/turtlebot3': AMENT_PREFIX_PATH=/home/lenovo2204/Documents/AGV/TurtleBot/install/turtlebot3_bringup:/home/lenovo2204/Documents/AGV/TurtleBot/install/turtlebot3_teleop:/home/lenovo2204/Documents/AGV/TurtleBot/install/turtlebot3_node:/home/lenovo2204/Documents/AGV/TurtleBot/install/turtlebot3_navigation2:/home/lenovo2204/Documents/AGV/TurtleBot/install/turtlebot3_example:/home/lenovo2204/Documents/AGV/TurtleBot/install/turtlebot3_description:/home/lenovo2204/Documents/AGV/TurtleBot/install/turtlebot3_cartographer:${AMENT_PREFIX_PATH} CMAKE_PREFIX_PATH=/home/lenovo2204/Documents/AGV/TurtleBot/install/turtlebot3_bringup:/home/lenovo2204/Documents/AGV/TurtleBot/install/turtlebot3_node:/home/lenovo2204/Documents/AGV/TurtleBot/install/turtlebot3_navigation2:/home/lenovo2204/Documents/AGV/TurtleBot/install/turtlebot3_description:/home/lenovo2204/Documents/AGV/TurtleBot/install/turtlebot3_cartographer:/opt/ros/humble PYTHONPATH=/home/lenovo2204/Documents/AGV/TurtleBot/install/turtlebot3_teleop/lib/python3.10/site-packages:/home/lenovo2204/Documents/AGV/TurtleBot/install/turtlebot3_example/lib/python3.10/site-packages:${PYTHONPATH} /usr/bin/cmake --install /home/lenovo2204/Documents/AGV/TurtleBot/build/turtlebot3
[0.842s] -- Install configuration: ""
[0.842s] -- Installing: /home/lenovo2204/Documents/AGV/TurtleBot/install/turtlebot3/share/ament_index/resource_index/package_run_dependencies/turtlebot3
[0.842s] -- Installing: /home/lenovo2204/Documents/AGV/TurtleBot/install/turtlebot3/share/ament_index/resource_index/parent_prefix_path/turtlebot3
[0.842s] -- Installing: /home/lenovo2204/Documents/AGV/TurtleBot/install/turtlebot3/share/turtlebot3/environment/ament_prefix_path.sh
[0.842s] -- Installing: /home/lenovo2204/Documents/AGV/TurtleBot/install/turtlebot3/share/turtlebot3/environment/ament_prefix_path.dsv
[0.843s] -- Installing: /home/lenovo2204/Documents/AGV/TurtleBot/install/turtlebot3/share/turtlebot3/environment/path.sh
[0.843s] -- Installing: /home/lenovo2204/Documents/AGV/TurtleBot/install/turtlebot3/share/turtlebot3/environment/path.dsv
[0.843s] -- Installing: /home/lenovo2204/Documents/AGV/TurtleBot/install/turtlebot3/share/turtlebot3/local_setup.bash
[0.843s] -- Installing: /home/lenovo2204/Documents/AGV/TurtleBot/install/turtlebot3/share/turtlebot3/local_setup.sh
[0.844s] -- Installing: /home/lenovo2204/Documents/AGV/TurtleBot/install/turtlebot3/share/turtlebot3/local_setup.zsh
[0.844s] -- Installing: /home/lenovo2204/Documents/AGV/TurtleBot/install/turtlebot3/share/turtlebot3/local_setup.dsv
[0.845s] -- Installing: /home/lenovo2204/Documents/AGV/TurtleBot/install/turtlebot3/share/turtlebot3/package.dsv
[0.845s] -- Installing: /home/lenovo2204/Documents/AGV/TurtleBot/install/turtlebot3/share/ament_index/resource_index/packages/turtlebot3
[0.845s] -- Installing: /home/lenovo2204/Documents/AGV/TurtleBot/install/turtlebot3/share/turtlebot3/cmake/turtlebot3Config.cmake
[0.845s] -- Installing: /home/lenovo2204/Documents/AGV/TurtleBot/install/turtlebot3/share/turtlebot3/cmake/turtlebot3Config-version.cmake
[0.845s] -- Installing: /home/lenovo2204/Documents/AGV/TurtleBot/install/turtlebot3/share/turtlebot3/package.xml
[0.847s] Invoked command in '/home/lenovo2204/Documents/AGV/TurtleBot/build/turtlebot3' returned '0': AMENT_PREFIX_PATH=/home/lenovo2204/Documents/AGV/TurtleBot/install/turtlebot3_bringup:/home/lenovo2204/Documents/AGV/TurtleBot/install/turtlebot3_teleop:/home/lenovo2204/Documents/AGV/TurtleBot/install/turtlebot3_node:/home/lenovo2204/Documents/AGV/TurtleBot/install/turtlebot3_navigation2:/home/lenovo2204/Documents/AGV/TurtleBot/install/turtlebot3_example:/home/lenovo2204/Documents/AGV/TurtleBot/install/turtlebot3_description:/home/lenovo2204/Documents/AGV/TurtleBot/install/turtlebot3_cartographer:${AMENT_PREFIX_PATH} CMAKE_PREFIX_PATH=/home/lenovo2204/Documents/AGV/TurtleBot/install/turtlebot3_bringup:/home/lenovo2204/Documents/AGV/TurtleBot/install/turtlebot3_node:/home/lenovo2204/Documents/AGV/TurtleBot/install/turtlebot3_navigation2:/home/lenovo2204/Documents/AGV/TurtleBot/install/turtlebot3_description:/home/lenovo2204/Documents/AGV/TurtleBot/install/turtlebot3_cartographer:/opt/ros/humble PYTHONPATH=/home/lenovo2204/Documents/AGV/TurtleBot/install/turtlebot3_teleop/lib/python3.10/site-packages:/home/lenovo2204/Documents/AGV/TurtleBot/install/turtlebot3_example/lib/python3.10/site-packages:${PYTHONPATH} /usr/bin/cmake --install /home/lenovo2204/Documents/AGV/TurtleBot/build/turtlebot3
