[0.010s] Invoking command in '/home/lenovo2204/Documents/AGV/AgvControl/build/agv_control': CMAKE_PREFIX_PATH=/opt/ros/humble /usr/bin/cmake /home/lenovo2204/Documents/AGV/AgvControl/src -DCMAKE_INSTALL_PREFIX=/home/lenovo2204/Documents/AGV/AgvControl/install/agv_control
[0.067s] -- The C compiler identification is GNU 11.4.0
[0.122s] -- The CXX compiler identification is GNU 11.4.0
[0.131s] -- Detecting C compiler ABI info
[0.190s] -- Detecting C compiler ABI info - done
[0.197s] -- Check for working C compiler: /usr/bin/cc - skipped
[0.198s] -- Detecting C compile features
[0.198s] -- Detecting C compile features - done
[0.201s] -- Detecting CXX compiler ABI info
[0.285s] -- Detecting CXX compiler ABI info - done
[0.295s] -- Check for working CXX compiler: /usr/bin/c++ - skipped
[0.295s] -- Detecting CXX compile features
[0.295s] -- Detecting CXX compile features - done
[0.297s] -- Found ament_cmake: 1.3.10 (/opt/ros/humble/share/ament_cmake/cmake)
[0.465s] -- Found Python3: /usr/bin/python3 (found version "3.10.12") found components: Interpreter 
[0.558s] -- Found ament_lint_auto: 0.12.11 (/opt/ros/humble/share/ament_lint_auto/cmake)
[0.638s] -- Added test 'cppcheck' to perform static code analysis on C / C++ code
[0.638s] -- Configured cppcheck include dirs: 
[0.638s] -- Configured cppcheck exclude dirs and/or files: 
[0.639s] -- Added test 'flake8' to check Python code syntax and style conventions
[0.639s] -- Added test 'lint_cmake' to check CMake code style
[0.640s] -- Added test 'pep257' to check Python code against some of the docstring style conventions in PEP 257
[0.641s] -- Added test 'uncrustify' to check C / C++ code style
[0.641s] -- Configured uncrustify additional arguments: 
[0.642s] -- Added test 'xmllint' to check XML markup files
[0.644s] -- Found rclcpp: 16.0.10 (/opt/ros/humble/share/rclcpp/cmake)
[0.683s] -- Found rosidl_generator_c: 3.1.5 (/opt/ros/humble/share/rosidl_generator_c/cmake)
[0.687s] -- Found rosidl_adapter: 3.1.5 (/opt/ros/humble/share/rosidl_adapter/cmake)
[0.693s] -- Found rosidl_generator_cpp: 3.1.5 (/opt/ros/humble/share/rosidl_generator_cpp/cmake)
[0.705s] -- Using all available rosidl_typesupport_c: rosidl_typesupport_fastrtps_c;rosidl_typesupport_introspection_c
[0.727s] -- Using all available rosidl_typesupport_cpp: rosidl_typesupport_fastrtps_cpp;rosidl_typesupport_introspection_cpp
[0.771s] -- Found rmw_implementation_cmake: 6.1.2 (/opt/ros/humble/share/rmw_implementation_cmake/cmake)
[0.774s] -- Found rmw_fastrtps_cpp: 6.2.7 (/opt/ros/humble/share/rmw_fastrtps_cpp/cmake)
[0.850s] -- Found OpenSSL: /usr/lib/x86_64-linux-gnu/libcrypto.so (found version "3.0.2")  
[0.873s] -- Found FastRTPS: /opt/ros/humble/include  
[0.911s] -- Using RMW implementation 'rmw_fastrtps_cpp' as default
[0.919s] -- Looking for pthread.h
[0.983s] -- Looking for pthread.h - found
[0.983s] -- Performing Test CMAKE_HAVE_LIBC_PTHREAD
[1.062s] -- Performing Test CMAKE_HAVE_LIBC_PTHREAD - Success
[1.063s] -- Found Threads: TRUE  
[1.116s] -- Configuring done
[1.123s] -- Generating done
[1.125s] -- Build files have been written to: /home/lenovo2204/Documents/AGV/AgvControl/build/agv_control
[1.135s] Invoked command in '/home/lenovo2204/Documents/AGV/AgvControl/build/agv_control' returned '0': CMAKE_PREFIX_PATH=/opt/ros/humble /usr/bin/cmake /home/lenovo2204/Documents/AGV/AgvControl/src -DCMAKE_INSTALL_PREFIX=/home/lenovo2204/Documents/AGV/AgvControl/install/agv_control
[1.137s] Invoking command in '/home/lenovo2204/Documents/AGV/AgvControl/build/agv_control': CMAKE_PREFIX_PATH=/opt/ros/humble /usr/bin/cmake --build /home/lenovo2204/Documents/AGV/AgvControl/build/agv_control -- -j4 -l4
[1.180s] [ 50%] [32mBuilding CXX object CMakeFiles/controller_node.dir/src/controller_node.cpp.o[0m
[5.566s] [100%] [32m[1mLinking CXX executable controller_node[0m
[5.776s] [100%] Built target controller_node
[5.786s] Invoked command in '/home/lenovo2204/Documents/AGV/AgvControl/build/agv_control' returned '0': CMAKE_PREFIX_PATH=/opt/ros/humble /usr/bin/cmake --build /home/lenovo2204/Documents/AGV/AgvControl/build/agv_control -- -j4 -l4
[5.814s] Invoking command in '/home/lenovo2204/Documents/AGV/AgvControl/build/agv_control': CMAKE_PREFIX_PATH=/opt/ros/humble /usr/bin/cmake --install /home/lenovo2204/Documents/AGV/AgvControl/build/agv_control
[5.820s] -- Install configuration: ""
[5.820s] -- Installing: /home/lenovo2204/Documents/AGV/AgvControl/install/agv_control/share/ament_index/resource_index/package_run_dependencies/agv_control
[5.820s] -- Installing: /home/lenovo2204/Documents/AGV/AgvControl/install/agv_control/share/ament_index/resource_index/parent_prefix_path/agv_control
[5.820s] -- Installing: /home/lenovo2204/Documents/AGV/AgvControl/install/agv_control/share/agv_control/environment/ament_prefix_path.sh
[5.821s] -- Installing: /home/lenovo2204/Documents/AGV/AgvControl/install/agv_control/share/agv_control/environment/ament_prefix_path.dsv
[5.821s] -- Installing: /home/lenovo2204/Documents/AGV/AgvControl/install/agv_control/share/agv_control/environment/path.sh
[5.821s] -- Installing: /home/lenovo2204/Documents/AGV/AgvControl/install/agv_control/share/agv_control/environment/path.dsv
[5.821s] -- Installing: /home/lenovo2204/Documents/AGV/AgvControl/install/agv_control/share/agv_control/local_setup.bash
[5.821s] -- Installing: /home/lenovo2204/Documents/AGV/AgvControl/install/agv_control/share/agv_control/local_setup.sh
[5.821s] -- Installing: /home/lenovo2204/Documents/AGV/AgvControl/install/agv_control/share/agv_control/local_setup.zsh
[5.822s] -- Installing: /home/lenovo2204/Documents/AGV/AgvControl/install/agv_control/share/agv_control/local_setup.dsv
[5.822s] -- Installing: /home/lenovo2204/Documents/AGV/AgvControl/install/agv_control/share/agv_control/package.dsv
[5.822s] -- Installing: /home/lenovo2204/Documents/AGV/AgvControl/install/agv_control/share/ament_index/resource_index/packages/agv_control
[5.822s] -- Installing: /home/lenovo2204/Documents/AGV/AgvControl/install/agv_control/share/agv_control/cmake/agv_controlConfig.cmake
[5.822s] -- Installing: /home/lenovo2204/Documents/AGV/AgvControl/install/agv_control/share/agv_control/cmake/agv_controlConfig-version.cmake
[5.822s] -- Installing: /home/lenovo2204/Documents/AGV/AgvControl/install/agv_control/share/agv_control/package.xml
[5.822s] -- Installing: /home/lenovo2204/Documents/AGV/AgvControl/install/agv_control/lib/agv_control/controller_node
[5.824s] -- Set runtime path of "/home/lenovo2204/Documents/AGV/AgvControl/install/agv_control/lib/agv_control/controller_node" to ""
[5.824s] -- Up-to-date: /home/lenovo2204/Documents/AGV/AgvControl/install/agv_control/share/agv_control/
[5.824s] -- Installing: /home/lenovo2204/Documents/AGV/AgvControl/install/agv_control/share/agv_control//agv_launch.py
[5.826s] Invoked command in '/home/lenovo2204/Documents/AGV/AgvControl/build/agv_control' returned '0': CMAKE_PREFIX_PATH=/opt/ros/humble /usr/bin/cmake --install /home/lenovo2204/Documents/AGV/AgvControl/build/agv_control
