[1.567s] Invoking command in '/home/lenovo2204/Documents/AGV/TurtleBot/src/turtlebot3/turtlebot3_example': PYTHONPATH=/home/lenovo2204/Documents/AGV/TurtleBot/build/turtlebot3_example/prefix_override:/usr/lib/python3/dist-packages/colcon_core/task/python/colcon_distutils_commands:/home/lenovo2204/Documents/AGV/TurtleBot/install/turtlebot3_example/lib/python3.10/site-packages:${PYTHONPATH} /usr/bin/python3 -W ignore:setup.py install is deprecated setup.py egg_info --egg-base ../../../build/turtlebot3_example build --build-base /home/lenovo2204/Documents/AGV/TurtleBot/build/turtlebot3_example/build install --record /home/lenovo2204/Documents/AGV/TurtleBot/build/turtlebot3_example/install.log --single-version-externally-managed install_data
[2.136s] running egg_info
[2.138s] creating ../../../build/turtlebot3_example/turtlebot3_example.egg-info
[2.143s] writing ../../../build/turtlebot3_example/turtlebot3_example.egg-info/PKG-INFO
[2.143s] writing dependency_links to ../../../build/turtlebot3_example/turtlebot3_example.egg-info/dependency_links.txt
[2.144s] writing entry points to ../../../build/turtlebot3_example/turtlebot3_example.egg-info/entry_points.txt
[2.144s] writing requirements to ../../../build/turtlebot3_example/turtlebot3_example.egg-info/requires.txt
[2.144s] writing top-level names to ../../../build/turtlebot3_example/turtlebot3_example.egg-info/top_level.txt
[2.144s] writing manifest file '../../../build/turtlebot3_example/turtlebot3_example.egg-info/SOURCES.txt'
[2.144s] reading manifest file '../../../build/turtlebot3_example/turtlebot3_example.egg-info/SOURCES.txt'
[2.144s] writing manifest file '../../../build/turtlebot3_example/turtlebot3_example.egg-info/SOURCES.txt'
[2.144s] running build
[2.144s] running build_py
[2.144s] creating /home/lenovo2204/Documents/AGV/TurtleBot/build/turtlebot3_example/build
[2.145s] creating /home/lenovo2204/Documents/AGV/TurtleBot/build/turtlebot3_example/build/lib
[2.145s] creating /home/lenovo2204/Documents/AGV/TurtleBot/build/turtlebot3_example/build/lib/turtlebot3_example
[2.145s] copying turtlebot3_example/__init__.py -> /home/lenovo2204/Documents/AGV/TurtleBot/build/turtlebot3_example/build/lib/turtlebot3_example
[2.145s] creating /home/lenovo2204/Documents/AGV/TurtleBot/build/turtlebot3_example/build/lib/turtlebot3_example/turtlebot3_patrol_server
[2.145s] copying turtlebot3_example/turtlebot3_patrol_server/main.py -> /home/lenovo2204/Documents/AGV/TurtleBot/build/turtlebot3_example/build/lib/turtlebot3_example/turtlebot3_patrol_server
[2.145s] copying turtlebot3_example/turtlebot3_patrol_server/__init__.py -> /home/lenovo2204/Documents/AGV/TurtleBot/build/turtlebot3_example/build/lib/turtlebot3_example/turtlebot3_patrol_server
[2.148s] copying turtlebot3_example/turtlebot3_patrol_server/turtlebot3_patrol_server.py -> /home/lenovo2204/Documents/AGV/TurtleBot/build/turtlebot3_example/build/lib/turtlebot3_example/turtlebot3_patrol_server
[2.148s] copying turtlebot3_example/turtlebot3_patrol_server/turtlebot3_path.py -> /home/lenovo2204/Documents/AGV/TurtleBot/build/turtlebot3_example/build/lib/turtlebot3_example/turtlebot3_patrol_server
[2.149s] creating /home/lenovo2204/Documents/AGV/TurtleBot/build/turtlebot3_example/build/lib/turtlebot3_example/turtlebot3_position_control
[2.149s] copying turtlebot3_example/turtlebot3_position_control/main.py -> /home/lenovo2204/Documents/AGV/TurtleBot/build/turtlebot3_example/build/lib/turtlebot3_example/turtlebot3_position_control
[2.149s] copying turtlebot3_example/turtlebot3_position_control/turtlebot3_position_control.py -> /home/lenovo2204/Documents/AGV/TurtleBot/build/turtlebot3_example/build/lib/turtlebot3_example/turtlebot3_position_control
[2.149s] copying turtlebot3_example/turtlebot3_position_control/__init__.py -> /home/lenovo2204/Documents/AGV/TurtleBot/build/turtlebot3_example/build/lib/turtlebot3_example/turtlebot3_position_control
[2.149s] copying turtlebot3_example/turtlebot3_position_control/turtlebot3_path.py -> /home/lenovo2204/Documents/AGV/TurtleBot/build/turtlebot3_example/build/lib/turtlebot3_example/turtlebot3_position_control
[2.149s] creating /home/lenovo2204/Documents/AGV/TurtleBot/build/turtlebot3_example/build/lib/turtlebot3_example/turtlebot3_obstacle_detection
[2.149s] copying turtlebot3_example/turtlebot3_obstacle_detection/main.py -> /home/lenovo2204/Documents/AGV/TurtleBot/build/turtlebot3_example/build/lib/turtlebot3_example/turtlebot3_obstacle_detection
[2.149s] copying turtlebot3_example/turtlebot3_obstacle_detection/__init__.py -> /home/lenovo2204/Documents/AGV/TurtleBot/build/turtlebot3_example/build/lib/turtlebot3_example/turtlebot3_obstacle_detection
[2.149s] copying turtlebot3_example/turtlebot3_obstacle_detection/turtlebot3_obstacle_detection.py -> /home/lenovo2204/Documents/AGV/TurtleBot/build/turtlebot3_example/build/lib/turtlebot3_example/turtlebot3_obstacle_detection
[2.149s] creating /home/lenovo2204/Documents/AGV/TurtleBot/build/turtlebot3_example/build/lib/turtlebot3_example/turtlebot3_patrol_client
[2.150s] copying turtlebot3_example/turtlebot3_patrol_client/turtlebot3_patrol_client.py -> /home/lenovo2204/Documents/AGV/TurtleBot/build/turtlebot3_example/build/lib/turtlebot3_example/turtlebot3_patrol_client
[2.150s] copying turtlebot3_example/turtlebot3_patrol_client/main.py -> /home/lenovo2204/Documents/AGV/TurtleBot/build/turtlebot3_example/build/lib/turtlebot3_example/turtlebot3_patrol_client
[2.150s] copying turtlebot3_example/turtlebot3_patrol_client/__init__.py -> /home/lenovo2204/Documents/AGV/TurtleBot/build/turtlebot3_example/build/lib/turtlebot3_example/turtlebot3_patrol_client
[2.150s] running install
[2.150s] running install_lib
[2.150s] creating /home/lenovo2204/Documents/AGV/TurtleBot/install/turtlebot3_example/lib/python3.10/site-packages/turtlebot3_example
[2.150s] creating /home/lenovo2204/Documents/AGV/TurtleBot/install/turtlebot3_example/lib/python3.10/site-packages/turtlebot3_example/turtlebot3_patrol_server
[2.152s] copying /home/lenovo2204/Documents/AGV/TurtleBot/build/turtlebot3_example/build/lib/turtlebot3_example/turtlebot3_patrol_server/main.py -> /home/lenovo2204/Documents/AGV/TurtleBot/install/turtlebot3_example/lib/python3.10/site-packages/turtlebot3_example/turtlebot3_patrol_server
[2.152s] copying /home/lenovo2204/Documents/AGV/TurtleBot/build/turtlebot3_example/build/lib/turtlebot3_example/turtlebot3_patrol_server/__init__.py -> /home/lenovo2204/Documents/AGV/TurtleBot/install/turtlebot3_example/lib/python3.10/site-packages/turtlebot3_example/turtlebot3_patrol_server
[2.152s] copying /home/lenovo2204/Documents/AGV/TurtleBot/build/turtlebot3_example/build/lib/turtlebot3_example/turtlebot3_patrol_server/turtlebot3_patrol_server.py -> /home/lenovo2204/Documents/AGV/TurtleBot/install/turtlebot3_example/lib/python3.10/site-packages/turtlebot3_example/turtlebot3_patrol_server
[2.152s] copying /home/lenovo2204/Documents/AGV/TurtleBot/build/turtlebot3_example/build/lib/turtlebot3_example/turtlebot3_patrol_server/turtlebot3_path.py -> /home/lenovo2204/Documents/AGV/TurtleBot/install/turtlebot3_example/lib/python3.10/site-packages/turtlebot3_example/turtlebot3_patrol_server
[2.152s] creating /home/lenovo2204/Documents/AGV/TurtleBot/install/turtlebot3_example/lib/python3.10/site-packages/turtlebot3_example/turtlebot3_position_control
[2.152s] copying /home/lenovo2204/Documents/AGV/TurtleBot/build/turtlebot3_example/build/lib/turtlebot3_example/turtlebot3_position_control/main.py -> /home/lenovo2204/Documents/AGV/TurtleBot/install/turtlebot3_example/lib/python3.10/site-packages/turtlebot3_example/turtlebot3_position_control
[2.152s] copying /home/lenovo2204/Documents/AGV/TurtleBot/build/turtlebot3_example/build/lib/turtlebot3_example/turtlebot3_position_control/turtlebot3_position_control.py -> /home/lenovo2204/Documents/AGV/TurtleBot/install/turtlebot3_example/lib/python3.10/site-packages/turtlebot3_example/turtlebot3_position_control
[2.153s] copying /home/lenovo2204/Documents/AGV/TurtleBot/build/turtlebot3_example/build/lib/turtlebot3_example/turtlebot3_position_control/__init__.py -> /home/lenovo2204/Documents/AGV/TurtleBot/install/turtlebot3_example/lib/python3.10/site-packages/turtlebot3_example/turtlebot3_position_control
[2.153s] copying /home/lenovo2204/Documents/AGV/TurtleBot/build/turtlebot3_example/build/lib/turtlebot3_example/turtlebot3_position_control/turtlebot3_path.py -> /home/lenovo2204/Documents/AGV/TurtleBot/install/turtlebot3_example/lib/python3.10/site-packages/turtlebot3_example/turtlebot3_position_control
[2.153s] copying /home/lenovo2204/Documents/AGV/TurtleBot/build/turtlebot3_example/build/lib/turtlebot3_example/__init__.py -> /home/lenovo2204/Documents/AGV/TurtleBot/install/turtlebot3_example/lib/python3.10/site-packages/turtlebot3_example
[2.153s] creating /home/lenovo2204/Documents/AGV/TurtleBot/install/turtlebot3_example/lib/python3.10/site-packages/turtlebot3_example/turtlebot3_obstacle_detection
[2.153s] copying /home/lenovo2204/Documents/AGV/TurtleBot/build/turtlebot3_example/build/lib/turtlebot3_example/turtlebot3_obstacle_detection/main.py -> /home/lenovo2204/Documents/AGV/TurtleBot/install/turtlebot3_example/lib/python3.10/site-packages/turtlebot3_example/turtlebot3_obstacle_detection
[2.154s] copying /home/lenovo2204/Documents/AGV/TurtleBot/build/turtlebot3_example/build/lib/turtlebot3_example/turtlebot3_obstacle_detection/__init__.py -> /home/lenovo2204/Documents/AGV/TurtleBot/install/turtlebot3_example/lib/python3.10/site-packages/turtlebot3_example/turtlebot3_obstacle_detection
[2.154s] copying /home/lenovo2204/Documents/AGV/TurtleBot/build/turtlebot3_example/build/lib/turtlebot3_example/turtlebot3_obstacle_detection/turtlebot3_obstacle_detection.py -> /home/lenovo2204/Documents/AGV/TurtleBot/install/turtlebot3_example/lib/python3.10/site-packages/turtlebot3_example/turtlebot3_obstacle_detection
[2.155s] creating /home/lenovo2204/Documents/AGV/TurtleBot/install/turtlebot3_example/lib/python3.10/site-packages/turtlebot3_example/turtlebot3_patrol_client
[2.155s] copying /home/lenovo2204/Documents/AGV/TurtleBot/build/turtlebot3_example/build/lib/turtlebot3_example/turtlebot3_patrol_client/turtlebot3_patrol_client.py -> /home/lenovo2204/Documents/AGV/TurtleBot/install/turtlebot3_example/lib/python3.10/site-packages/turtlebot3_example/turtlebot3_patrol_client
[2.155s] copying /home/lenovo2204/Documents/AGV/TurtleBot/build/turtlebot3_example/build/lib/turtlebot3_example/turtlebot3_patrol_client/main.py -> /home/lenovo2204/Documents/AGV/TurtleBot/install/turtlebot3_example/lib/python3.10/site-packages/turtlebot3_example/turtlebot3_patrol_client
[2.155s] copying /home/lenovo2204/Documents/AGV/TurtleBot/build/turtlebot3_example/build/lib/turtlebot3_example/turtlebot3_patrol_client/__init__.py -> /home/lenovo2204/Documents/AGV/TurtleBot/install/turtlebot3_example/lib/python3.10/site-packages/turtlebot3_example/turtlebot3_patrol_client
[2.155s] byte-compiling /home/lenovo2204/Documents/AGV/TurtleBot/install/turtlebot3_example/lib/python3.10/site-packages/turtlebot3_example/turtlebot3_patrol_server/main.py to main.cpython-310.pyc
[2.155s] byte-compiling /home/lenovo2204/Documents/AGV/TurtleBot/install/turtlebot3_example/lib/python3.10/site-packages/turtlebot3_example/turtlebot3_patrol_server/__init__.py to __init__.cpython-310.pyc
[2.155s] byte-compiling /home/lenovo2204/Documents/AGV/TurtleBot/install/turtlebot3_example/lib/python3.10/site-packages/turtlebot3_example/turtlebot3_patrol_server/turtlebot3_patrol_server.py to turtlebot3_patrol_server.cpython-310.pyc
[2.155s] byte-compiling /home/lenovo2204/Documents/AGV/TurtleBot/install/turtlebot3_example/lib/python3.10/site-packages/turtlebot3_example/turtlebot3_patrol_server/turtlebot3_path.py to turtlebot3_path.cpython-310.pyc
[2.155s] byte-compiling /home/lenovo2204/Documents/AGV/TurtleBot/install/turtlebot3_example/lib/python3.10/site-packages/turtlebot3_example/turtlebot3_position_control/main.py to main.cpython-310.pyc
[2.156s] byte-compiling /home/lenovo2204/Documents/AGV/TurtleBot/install/turtlebot3_example/lib/python3.10/site-packages/turtlebot3_example/turtlebot3_position_control/turtlebot3_position_control.py to turtlebot3_position_control.cpython-310.pyc
[2.156s] byte-compiling /home/lenovo2204/Documents/AGV/TurtleBot/install/turtlebot3_example/lib/python3.10/site-packages/turtlebot3_example/turtlebot3_position_control/__init__.py to __init__.cpython-310.pyc
[2.156s] byte-compiling /home/lenovo2204/Documents/AGV/TurtleBot/install/turtlebot3_example/lib/python3.10/site-packages/turtlebot3_example/turtlebot3_position_control/turtlebot3_path.py to turtlebot3_path.cpython-310.pyc
[2.156s] byte-compiling /home/lenovo2204/Documents/AGV/TurtleBot/install/turtlebot3_example/lib/python3.10/site-packages/turtlebot3_example/__init__.py to __init__.cpython-310.pyc
[2.156s] byte-compiling /home/lenovo2204/Documents/AGV/TurtleBot/install/turtlebot3_example/lib/python3.10/site-packages/turtlebot3_example/turtlebot3_obstacle_detection/main.py to main.cpython-310.pyc
[2.156s] byte-compiling /home/lenovo2204/Documents/AGV/TurtleBot/install/turtlebot3_example/lib/python3.10/site-packages/turtlebot3_example/turtlebot3_obstacle_detection/__init__.py to __init__.cpython-310.pyc
[2.156s] byte-compiling /home/lenovo2204/Documents/AGV/TurtleBot/install/turtlebot3_example/lib/python3.10/site-packages/turtlebot3_example/turtlebot3_obstacle_detection/turtlebot3_obstacle_detection.py to turtlebot3_obstacle_detection.cpython-310.pyc
[2.156s] byte-compiling /home/lenovo2204/Documents/AGV/TurtleBot/install/turtlebot3_example/lib/python3.10/site-packages/turtlebot3_example/turtlebot3_patrol_client/turtlebot3_patrol_client.py to turtlebot3_patrol_client.cpython-310.pyc
[2.156s] byte-compiling /home/lenovo2204/Documents/AGV/TurtleBot/install/turtlebot3_example/lib/python3.10/site-packages/turtlebot3_example/turtlebot3_patrol_client/main.py to main.cpython-310.pyc
[2.157s] byte-compiling /home/lenovo2204/Documents/AGV/TurtleBot/install/turtlebot3_example/lib/python3.10/site-packages/turtlebot3_example/turtlebot3_patrol_client/__init__.py to __init__.cpython-310.pyc
[2.157s] running install_data
[2.157s] creating /home/lenovo2204/Documents/AGV/TurtleBot/install/turtlebot3_example/share/ament_index
[2.157s] creating /home/lenovo2204/Documents/AGV/TurtleBot/install/turtlebot3_example/share/ament_index/resource_index
[2.157s] creating /home/lenovo2204/Documents/AGV/TurtleBot/install/turtlebot3_example/share/ament_index/resource_index/packages
[2.157s] copying resource/turtlebot3_example -> /home/lenovo2204/Documents/AGV/TurtleBot/install/turtlebot3_example/share/ament_index/resource_index/packages
[2.161s] copying package.xml -> /home/lenovo2204/Documents/AGV/TurtleBot/install/turtlebot3_example/share/turtlebot3_example
[2.163s] running install_egg_info
[2.164s] Copying ../../../build/turtlebot3_example/turtlebot3_example.egg-info to /home/lenovo2204/Documents/AGV/TurtleBot/install/turtlebot3_example/lib/python3.10/site-packages/turtlebot3_example-2.1.5-py3.10.egg-info
[2.164s] running install_scripts
[2.233s] Installing turtlebot3_obstacle_detection script to /home/lenovo2204/Documents/AGV/TurtleBot/install/turtlebot3_example/lib/turtlebot3_example
[2.233s] Installing turtlebot3_patrol_client script to /home/lenovo2204/Documents/AGV/TurtleBot/install/turtlebot3_example/lib/turtlebot3_example
[2.239s] Installing turtlebot3_patrol_server script to /home/lenovo2204/Documents/AGV/TurtleBot/install/turtlebot3_example/lib/turtlebot3_example
[2.239s] Installing turtlebot3_position_control script to /home/lenovo2204/Documents/AGV/TurtleBot/install/turtlebot3_example/lib/turtlebot3_example
[2.249s] writing list of installed files to '/home/lenovo2204/Documents/AGV/TurtleBot/build/turtlebot3_example/install.log'
[2.726s] Invoked command in '/home/lenovo2204/Documents/AGV/TurtleBot/src/turtlebot3/turtlebot3_example' returned '0': PYTHONPATH=/home/lenovo2204/Documents/AGV/TurtleBot/build/turtlebot3_example/prefix_override:/usr/lib/python3/dist-packages/colcon_core/task/python/colcon_distutils_commands:/home/lenovo2204/Documents/AGV/TurtleBot/install/turtlebot3_example/lib/python3.10/site-packages:${PYTHONPATH} /usr/bin/python3 -W ignore:setup.py install is deprecated setup.py egg_info --egg-base ../../../build/turtlebot3_example build --build-base /home/lenovo2204/Documents/AGV/TurtleBot/build/turtlebot3_example/build install --record /home/lenovo2204/Documents/AGV/TurtleBot/build/turtlebot3_example/install.log --single-version-externally-managed install_data
