[0.009s] Invoking command in '/home/lenovo2204/Documents/AGV/TurtleBot/build/turtlebot3_bringup': AMENT_PREFIX_PATH=/home/lenovo2204/Documents/AGV/TurtleBot/install/turtlebot3_node:/home/lenovo2204/Documents/AGV/TurtleBot/install/turtlebot3_description:${AMENT_PREFIX_PATH} CMAKE_PREFIX_PATH=/home/lenovo2204/Documents/AGV/TurtleBot/install/turtlebot3_node:/home/lenovo2204/Documents/AGV/TurtleBot/install/turtlebot3_description:/opt/ros/humble /usr/bin/cmake /home/lenovo2204/Documents/AGV/TurtleBot/src/turtlebot3/turtlebot3_bringup -DCMAKE_INSTALL_PREFIX=/home/lenovo2204/Documents/AGV/TurtleBot/install/turtlebot3_bringup
[0.078s] -- The C compiler identification is GNU 11.4.0
[0.151s] -- The CXX compiler identification is GNU 11.4.0
[0.159s] -- Detecting C compiler ABI info
[0.239s] -- Detecting C compiler ABI info - done
[0.248s] -- Check for working C compiler: /usr/bin/cc - skipped
[0.248s] -- Detecting C compile features
[0.249s] -- Detecting C compile features - done
[0.252s] -- Detecting CXX compiler ABI info
[0.337s] -- Detecting CXX compiler ABI info - done
[0.348s] -- Check for working CXX compiler: /usr/bin/c++ - skipped
[0.348s] -- Detecting CXX compile features
[0.349s] -- Detecting CXX compile features - done
[0.351s] -- Found ament_cmake: 1.3.10 (/opt/ros/humble/share/ament_cmake/cmake)
[0.509s] -- Found Python3: /usr/bin/python3 (found version "3.10.12") found components: Interpreter 
[0.677s] -- Configuring done
[0.677s] -- Generating done
[0.679s] -- Build files have been written to: /home/lenovo2204/Documents/AGV/TurtleBot/build/turtlebot3_bringup
[0.685s] Invoked command in '/home/lenovo2204/Documents/AGV/TurtleBot/build/turtlebot3_bringup' returned '0': AMENT_PREFIX_PATH=/home/lenovo2204/Documents/AGV/TurtleBot/install/turtlebot3_node:/home/lenovo2204/Documents/AGV/TurtleBot/install/turtlebot3_description:${AMENT_PREFIX_PATH} CMAKE_PREFIX_PATH=/home/lenovo2204/Documents/AGV/TurtleBot/install/turtlebot3_node:/home/lenovo2204/Documents/AGV/TurtleBot/install/turtlebot3_description:/opt/ros/humble /usr/bin/cmake /home/lenovo2204/Documents/AGV/TurtleBot/src/turtlebot3/turtlebot3_bringup -DCMAKE_INSTALL_PREFIX=/home/lenovo2204/Documents/AGV/TurtleBot/install/turtlebot3_bringup
[0.688s] Invoking command in '/home/lenovo2204/Documents/AGV/TurtleBot/build/turtlebot3_bringup': AMENT_PREFIX_PATH=/home/lenovo2204/Documents/AGV/TurtleBot/install/turtlebot3_node:/home/lenovo2204/Documents/AGV/TurtleBot/install/turtlebot3_description:${AMENT_PREFIX_PATH} CMAKE_PREFIX_PATH=/home/lenovo2204/Documents/AGV/TurtleBot/install/turtlebot3_node:/home/lenovo2204/Documents/AGV/TurtleBot/install/turtlebot3_description:/opt/ros/humble /usr/bin/cmake --build /home/lenovo2204/Documents/AGV/TurtleBot/build/turtlebot3_bringup -- -j4 -l4
[0.741s] Invoked command in '/home/lenovo2204/Documents/AGV/TurtleBot/build/turtlebot3_bringup' returned '0': AMENT_PREFIX_PATH=/home/lenovo2204/Documents/AGV/TurtleBot/install/turtlebot3_node:/home/lenovo2204/Documents/AGV/TurtleBot/install/turtlebot3_description:${AMENT_PREFIX_PATH} CMAKE_PREFIX_PATH=/home/lenovo2204/Documents/AGV/TurtleBot/install/turtlebot3_node:/home/lenovo2204/Documents/AGV/TurtleBot/install/turtlebot3_description:/opt/ros/humble /usr/bin/cmake --build /home/lenovo2204/Documents/AGV/TurtleBot/build/turtlebot3_bringup -- -j4 -l4
[0.769s] Invoking command in '/home/lenovo2204/Documents/AGV/TurtleBot/build/turtlebot3_bringup': AMENT_PREFIX_PATH=/home/lenovo2204/Documents/AGV/TurtleBot/install/turtlebot3_node:/home/lenovo2204/Documents/AGV/TurtleBot/install/turtlebot3_description:${AMENT_PREFIX_PATH} CMAKE_PREFIX_PATH=/home/lenovo2204/Documents/AGV/TurtleBot/install/turtlebot3_node:/home/lenovo2204/Documents/AGV/TurtleBot/install/turtlebot3_description:/opt/ros/humble /usr/bin/cmake --install /home/lenovo2204/Documents/AGV/TurtleBot/build/turtlebot3_bringup
[0.775s] -- Install configuration: ""
[0.775s] -- Installing: /home/lenovo2204/Documents/AGV/TurtleBot/install/turtlebot3_bringup/share/turtlebot3_bringup/launch
[0.777s] -- Installing: /home/lenovo2204/Documents/AGV/TurtleBot/install/turtlebot3_bringup/share/turtlebot3_bringup/launch/turtlebot3_state_publisher.launch.py
[0.777s] -- Installing: /home/lenovo2204/Documents/AGV/TurtleBot/install/turtlebot3_bringup/share/turtlebot3_bringup/launch/robot.launch.py
[0.777s] -- Installing: /home/lenovo2204/Documents/AGV/TurtleBot/install/turtlebot3_bringup/share/turtlebot3_bringup/launch/rviz2.launch.py
[0.777s] -- Installing: /home/lenovo2204/Documents/AGV/TurtleBot/install/turtlebot3_bringup/share/turtlebot3_bringup/param
[0.777s] -- Installing: /home/lenovo2204/Documents/AGV/TurtleBot/install/turtlebot3_bringup/share/turtlebot3_bringup/param/waffle_pi.yaml
[0.777s] -- Installing: /home/lenovo2204/Documents/AGV/TurtleBot/install/turtlebot3_bringup/share/turtlebot3_bringup/param/burger.yaml
[0.777s] -- Installing: /home/lenovo2204/Documents/AGV/TurtleBot/install/turtlebot3_bringup/share/turtlebot3_bringup/param/waffle.yaml
[0.778s] -- Installing: /home/lenovo2204/Documents/AGV/TurtleBot/install/turtlebot3_bringup/share/turtlebot3_bringup/script
[0.778s] -- Installing: /home/lenovo2204/Documents/AGV/TurtleBot/install/turtlebot3_bringup/share/turtlebot3_bringup/script/99-turtlebot3-cdc.rules
[0.778s] -- Installing: /home/lenovo2204/Documents/AGV/TurtleBot/install/turtlebot3_bringup/share/turtlebot3_bringup/script/create_udev_rules
[0.778s] -- Installing: /home/lenovo2204/Documents/AGV/TurtleBot/install/turtlebot3_bringup/share/ament_index/resource_index/package_run_dependencies/turtlebot3_bringup
[0.779s] -- Installing: /home/lenovo2204/Documents/AGV/TurtleBot/install/turtlebot3_bringup/share/ament_index/resource_index/parent_prefix_path/turtlebot3_bringup
[0.780s] -- Installing: /home/lenovo2204/Documents/AGV/TurtleBot/install/turtlebot3_bringup/share/turtlebot3_bringup/environment/ament_prefix_path.sh
[0.781s] -- Installing: /home/lenovo2204/Documents/AGV/TurtleBot/install/turtlebot3_bringup/share/turtlebot3_bringup/environment/ament_prefix_path.dsv
[0.781s] -- Installing: /home/lenovo2204/Documents/AGV/TurtleBot/install/turtlebot3_bringup/share/turtlebot3_bringup/environment/path.sh
[0.782s] -- Installing: /home/lenovo2204/Documents/AGV/TurtleBot/install/turtlebot3_bringup/share/turtlebot3_bringup/environment/path.dsv
[0.782s] -- Installing: /home/lenovo2204/Documents/AGV/TurtleBot/install/turtlebot3_bringup/share/turtlebot3_bringup/local_setup.bash
[0.782s] -- Installing: /home/lenovo2204/Documents/AGV/TurtleBot/install/turtlebot3_bringup/share/turtlebot3_bringup/local_setup.sh
[0.782s] -- Installing: /home/lenovo2204/Documents/AGV/TurtleBot/install/turtlebot3_bringup/share/turtlebot3_bringup/local_setup.zsh
[0.782s] -- Installing: /home/lenovo2204/Documents/AGV/TurtleBot/install/turtlebot3_bringup/share/turtlebot3_bringup/local_setup.dsv
[0.782s] -- Installing: /home/lenovo2204/Documents/AGV/TurtleBot/install/turtlebot3_bringup/share/turtlebot3_bringup/package.dsv
[0.783s] -- Installing: /home/lenovo2204/Documents/AGV/TurtleBot/install/turtlebot3_bringup/share/ament_index/resource_index/packages/turtlebot3_bringup
[0.783s] -- Installing: /home/lenovo2204/Documents/AGV/TurtleBot/install/turtlebot3_bringup/share/turtlebot3_bringup/cmake/turtlebot3_bringupConfig.cmake
[0.783s] -- Installing: /home/lenovo2204/Documents/AGV/TurtleBot/install/turtlebot3_bringup/share/turtlebot3_bringup/cmake/turtlebot3_bringupConfig-version.cmake
[0.783s] -- Installing: /home/lenovo2204/Documents/AGV/TurtleBot/install/turtlebot3_bringup/share/turtlebot3_bringup/package.xml
[0.785s] Invoked command in '/home/lenovo2204/Documents/AGV/TurtleBot/build/turtlebot3_bringup' returned '0': AMENT_PREFIX_PATH=/home/lenovo2204/Documents/AGV/TurtleBot/install/turtlebot3_node:/home/lenovo2204/Documents/AGV/TurtleBot/install/turtlebot3_description:${AMENT_PREFIX_PATH} CMAKE_PREFIX_PATH=/home/lenovo2204/Documents/AGV/TurtleBot/install/turtlebot3_node:/home/lenovo2204/Documents/AGV/TurtleBot/install/turtlebot3_description:/opt/ros/humble /usr/bin/cmake --install /home/lenovo2204/Documents/AGV/TurtleBot/build/turtlebot3_bringup
