[0.031s] Invoking command in '/home/lenovo2204/Documents/AGV/TurtleBot/build/turtlebot3_navigation2': CMAKE_PREFIX_PATH=/opt/ros/humble /usr/bin/cmake /home/lenovo2204/Documents/AGV/TurtleBot/src/turtlebot3/turtlebot3_navigation2 -DCMAKE_INSTALL_PREFIX=/home/lenovo2204/Documents/AGV/TurtleBot/install/turtlebot3_navigation2
[0.221s] -- The C compiler identification is GNU 11.4.0
[0.424s] -- The CXX compiler identification is GNU 11.4.0
[0.486s] -- Detecting C compiler ABI info
[0.876s] -- Detecting C compiler ABI info - done
[0.922s] -- Check for working C compiler: /usr/bin/cc - skipped
[0.922s] -- Detecting C compile features
[0.924s] -- Detecting C compile features - done
[0.940s] -- Detecting CXX compiler ABI info
[1.242s] -- Detecting CXX compiler ABI info - done
[1.276s] -- Check for working CXX compiler: /usr/bin/c++ - skipped
[1.276s] -- Detecting CXX compile features
[1.280s] -- Detecting CXX compile features - done
[1.286s] -- Found ament_cmake: 1.3.10 (/opt/ros/humble/share/ament_cmake/cmake)
[1.552s] -- Found Python3: /usr/bin/python3 (found version "3.10.12") found components: Interpreter 
[1.806s] -- Configuring done
[1.809s] -- Generating done
[1.811s] -- Build files have been written to: /home/lenovo2204/Documents/AGV/TurtleBot/build/turtlebot3_navigation2
[1.822s] Invoked command in '/home/lenovo2204/Documents/AGV/TurtleBot/build/turtlebot3_navigation2' returned '0': CMAKE_PREFIX_PATH=/opt/ros/humble /usr/bin/cmake /home/lenovo2204/Documents/AGV/TurtleBot/src/turtlebot3/turtlebot3_navigation2 -DCMAKE_INSTALL_PREFIX=/home/lenovo2204/Documents/AGV/TurtleBot/install/turtlebot3_navigation2
[1.827s] Invoking command in '/home/lenovo2204/Documents/AGV/TurtleBot/build/turtlebot3_navigation2': CMAKE_PREFIX_PATH=/opt/ros/humble /usr/bin/cmake --build /home/lenovo2204/Documents/AGV/TurtleBot/build/turtlebot3_navigation2 -- -j4 -l4
[1.965s] Invoked command in '/home/lenovo2204/Documents/AGV/TurtleBot/build/turtlebot3_navigation2' returned '0': CMAKE_PREFIX_PATH=/opt/ros/humble /usr/bin/cmake --build /home/lenovo2204/Documents/AGV/TurtleBot/build/turtlebot3_navigation2 -- -j4 -l4
[2.097s] Invoking command in '/home/lenovo2204/Documents/AGV/TurtleBot/build/turtlebot3_navigation2': CMAKE_PREFIX_PATH=/opt/ros/humble /usr/bin/cmake --install /home/lenovo2204/Documents/AGV/TurtleBot/build/turtlebot3_navigation2
[2.174s] -- Install configuration: ""
[2.177s] -- Installing: /home/lenovo2204/Documents/AGV/TurtleBot/install/turtlebot3_navigation2/share/turtlebot3_navigation2/launch
[2.192s] -- Installing: /home/lenovo2204/Documents/AGV/TurtleBot/install/turtlebot3_navigation2/share/turtlebot3_navigation2/launch/navigation2.launch.py
[2.192s] -- Installing: /home/lenovo2204/Documents/AGV/TurtleBot/install/turtlebot3_navigation2/share/turtlebot3_navigation2/map
[2.192s] -- Installing: /home/lenovo2204/Documents/AGV/TurtleBot/install/turtlebot3_navigation2/share/turtlebot3_navigation2/map/map.yaml
[2.192s] -- Installing: /home/lenovo2204/Documents/AGV/TurtleBot/install/turtlebot3_navigation2/share/turtlebot3_navigation2/map/map.pgm
[2.192s] -- Installing: /home/lenovo2204/Documents/AGV/TurtleBot/install/turtlebot3_navigation2/share/turtlebot3_navigation2/param
[2.193s] -- Installing: /home/lenovo2204/Documents/AGV/TurtleBot/install/turtlebot3_navigation2/share/turtlebot3_navigation2/param/waffle_pi.yaml
[2.193s] -- Installing: /home/lenovo2204/Documents/AGV/TurtleBot/install/turtlebot3_navigation2/share/turtlebot3_navigation2/param/burger.yaml
[2.193s] -- Installing: /home/lenovo2204/Documents/AGV/TurtleBot/install/turtlebot3_navigation2/share/turtlebot3_navigation2/param/waffle.yaml
[2.193s] -- Installing: /home/lenovo2204/Documents/AGV/TurtleBot/install/turtlebot3_navigation2/share/turtlebot3_navigation2/rviz
[2.199s] -- Installing: /home/lenovo2204/Documents/AGV/TurtleBot/install/turtlebot3_navigation2/share/turtlebot3_navigation2/rviz/tb3_navigation2.rviz
[2.205s] -- Installing: /home/lenovo2204/Documents/AGV/TurtleBot/install/turtlebot3_navigation2/share/ament_index/resource_index/package_run_dependencies/turtlebot3_navigation2
[2.205s] -- Installing: /home/lenovo2204/Documents/AGV/TurtleBot/install/turtlebot3_navigation2/share/ament_index/resource_index/parent_prefix_path/turtlebot3_navigation2
[2.208s] -- Installing: /home/lenovo2204/Documents/AGV/TurtleBot/install/turtlebot3_navigation2/share/turtlebot3_navigation2/environment/ament_prefix_path.sh
[2.208s] -- Installing: /home/lenovo2204/Documents/AGV/TurtleBot/install/turtlebot3_navigation2/share/turtlebot3_navigation2/environment/ament_prefix_path.dsv
[2.208s] -- Installing: /home/lenovo2204/Documents/AGV/TurtleBot/install/turtlebot3_navigation2/share/turtlebot3_navigation2/environment/path.sh
[2.209s] -- Installing: /home/lenovo2204/Documents/AGV/TurtleBot/install/turtlebot3_navigation2/share/turtlebot3_navigation2/environment/path.dsv
[2.232s] -- Installing: /home/lenovo2204/Documents/AGV/TurtleBot/install/turtlebot3_navigation2/share/turtlebot3_navigation2/local_setup.bash
[2.232s] -- Installing: /home/lenovo2204/Documents/AGV/TurtleBot/install/turtlebot3_navigation2/share/turtlebot3_navigation2/local_setup.sh
[2.232s] -- Installing: /home/lenovo2204/Documents/AGV/TurtleBot/install/turtlebot3_navigation2/share/turtlebot3_navigation2/local_setup.zsh
[2.232s] -- Installing: /home/lenovo2204/Documents/AGV/TurtleBot/install/turtlebot3_navigation2/share/turtlebot3_navigation2/local_setup.dsv
[2.233s] -- Installing: /home/lenovo2204/Documents/AGV/TurtleBot/install/turtlebot3_navigation2/share/turtlebot3_navigation2/package.dsv
[2.233s] -- Installing: /home/lenovo2204/Documents/AGV/TurtleBot/install/turtlebot3_navigation2/share/ament_index/resource_index/packages/turtlebot3_navigation2
[2.233s] -- Installing: /home/lenovo2204/Documents/AGV/TurtleBot/install/turtlebot3_navigation2/share/turtlebot3_navigation2/cmake/turtlebot3_navigation2Config.cmake
[2.233s] -- Installing: /home/lenovo2204/Documents/AGV/TurtleBot/install/turtlebot3_navigation2/share/turtlebot3_navigation2/cmake/turtlebot3_navigation2Config-version.cmake
[2.233s] -- Installing: /home/lenovo2204/Documents/AGV/TurtleBot/install/turtlebot3_navigation2/share/turtlebot3_navigation2/package.xml
[2.247s] Invoked command in '/home/lenovo2204/Documents/AGV/TurtleBot/build/turtlebot3_navigation2' returned '0': CMAKE_PREFIX_PATH=/opt/ros/humble /usr/bin/cmake --install /home/lenovo2204/Documents/AGV/TurtleBot/build/turtlebot3_navigation2
