[0.030s] Invoking command in '/home/lenovo2204/Documents/AGV/TurtleBot/build/turtlebot3_cartographer': CMAKE_PREFIX_PATH=/opt/ros/humble /usr/bin/cmake /home/lenovo2204/Documents/AGV/TurtleBot/src/turtlebot3/turtlebot3_cartographer -DCMAKE_INSTALL_PREFIX=/home/lenovo2204/Documents/AGV/TurtleBot/install/turtlebot3_cartographer
[0.148s] -- The C compiler identification is GNU 11.4.0
[0.304s] -- The CXX compiler identification is GNU 11.4.0
[0.313s] -- Detecting C compiler ABI info
[0.515s] -- Detecting C compiler ABI info - done
[0.563s] -- Check for working C compiler: /usr/bin/cc - skipped
[0.565s] -- Detecting C compile features
[0.566s] -- Detecting C compile features - done
[0.574s] -- Detecting CXX compiler ABI info
[0.754s] -- Detecting CXX compiler ABI info - done
[0.780s] -- Check for working CXX compiler: /usr/bin/c++ - skipped
[0.780s] -- Detecting CXX compile features
[0.782s] -- Detecting CXX compile features - done
[0.788s] -- Found ament_cmake: 1.3.10 (/opt/ros/humble/share/ament_cmake/cmake)
[1.094s] -- Found Python3: /usr/bin/python3 (found version "3.10.12") found components: Interpreter 
[1.376s] -- Configuring done
[1.383s] -- Generating done
[1.386s] -- Build files have been written to: /home/lenovo2204/Documents/AGV/TurtleBot/build/turtlebot3_cartographer
[1.398s] Invoked command in '/home/lenovo2204/Documents/AGV/TurtleBot/build/turtlebot3_cartographer' returned '0': CMAKE_PREFIX_PATH=/opt/ros/humble /usr/bin/cmake /home/lenovo2204/Documents/AGV/TurtleBot/src/turtlebot3/turtlebot3_cartographer -DCMAKE_INSTALL_PREFIX=/home/lenovo2204/Documents/AGV/TurtleBot/install/turtlebot3_cartographer
[1.401s] Invoking command in '/home/lenovo2204/Documents/AGV/TurtleBot/build/turtlebot3_cartographer': CMAKE_PREFIX_PATH=/opt/ros/humble /usr/bin/cmake --build /home/lenovo2204/Documents/AGV/TurtleBot/build/turtlebot3_cartographer -- -j4 -l4
[1.474s] Invoked command in '/home/lenovo2204/Documents/AGV/TurtleBot/build/turtlebot3_cartographer' returned '0': CMAKE_PREFIX_PATH=/opt/ros/humble /usr/bin/cmake --build /home/lenovo2204/Documents/AGV/TurtleBot/build/turtlebot3_cartographer -- -j4 -l4
[1.540s] Invoking command in '/home/lenovo2204/Documents/AGV/TurtleBot/build/turtlebot3_cartographer': CMAKE_PREFIX_PATH=/opt/ros/humble /usr/bin/cmake --install /home/lenovo2204/Documents/AGV/TurtleBot/build/turtlebot3_cartographer
[1.575s] -- Install configuration: ""
[1.575s] -- Installing: /home/lenovo2204/Documents/AGV/TurtleBot/install/turtlebot3_cartographer/share/turtlebot3_cartographer/config
[1.576s] -- Installing: /home/lenovo2204/Documents/AGV/TurtleBot/install/turtlebot3_cartographer/share/turtlebot3_cartographer/config/turtlebot3_lds_2d.lua
[1.576s] -- Installing: /home/lenovo2204/Documents/AGV/TurtleBot/install/turtlebot3_cartographer/share/turtlebot3_cartographer/launch
[1.577s] -- Installing: /home/lenovo2204/Documents/AGV/TurtleBot/install/turtlebot3_cartographer/share/turtlebot3_cartographer/launch/occupancy_grid.launch.py
[1.577s] -- Installing: /home/lenovo2204/Documents/AGV/TurtleBot/install/turtlebot3_cartographer/share/turtlebot3_cartographer/launch/cartographer.launch.py
[1.577s] -- Installing: /home/lenovo2204/Documents/AGV/TurtleBot/install/turtlebot3_cartographer/share/turtlebot3_cartographer/rviz
[1.577s] -- Installing: /home/lenovo2204/Documents/AGV/TurtleBot/install/turtlebot3_cartographer/share/turtlebot3_cartographer/rviz/tb3_cartographer.rviz
[1.579s] -- Installing: /home/lenovo2204/Documents/AGV/TurtleBot/install/turtlebot3_cartographer/share/ament_index/resource_index/package_run_dependencies/turtlebot3_cartographer
[1.581s] -- Installing: /home/lenovo2204/Documents/AGV/TurtleBot/install/turtlebot3_cartographer/share/ament_index/resource_index/parent_prefix_path/turtlebot3_cartographer
[1.581s] -- Installing: /home/lenovo2204/Documents/AGV/TurtleBot/install/turtlebot3_cartographer/share/turtlebot3_cartographer/environment/ament_prefix_path.sh
[1.581s] -- Installing: /home/lenovo2204/Documents/AGV/TurtleBot/install/turtlebot3_cartographer/share/turtlebot3_cartographer/environment/ament_prefix_path.dsv
[1.581s] -- Installing: /home/lenovo2204/Documents/AGV/TurtleBot/install/turtlebot3_cartographer/share/turtlebot3_cartographer/environment/path.sh
[1.582s] -- Installing: /home/lenovo2204/Documents/AGV/TurtleBot/install/turtlebot3_cartographer/share/turtlebot3_cartographer/environment/path.dsv
[1.582s] -- Installing: /home/lenovo2204/Documents/AGV/TurtleBot/install/turtlebot3_cartographer/share/turtlebot3_cartographer/local_setup.bash
[1.582s] -- Installing: /home/lenovo2204/Documents/AGV/TurtleBot/install/turtlebot3_cartographer/share/turtlebot3_cartographer/local_setup.sh
[1.582s] -- Installing: /home/lenovo2204/Documents/AGV/TurtleBot/install/turtlebot3_cartographer/share/turtlebot3_cartographer/local_setup.zsh
[1.582s] -- Installing: /home/lenovo2204/Documents/AGV/TurtleBot/install/turtlebot3_cartographer/share/turtlebot3_cartographer/local_setup.dsv
[1.582s] -- Installing: /home/lenovo2204/Documents/AGV/TurtleBot/install/turtlebot3_cartographer/share/turtlebot3_cartographer/package.dsv
[1.582s] -- Installing: /home/lenovo2204/Documents/AGV/TurtleBot/install/turtlebot3_cartographer/share/ament_index/resource_index/packages/turtlebot3_cartographer
[1.582s] -- Installing: /home/lenovo2204/Documents/AGV/TurtleBot/install/turtlebot3_cartographer/share/turtlebot3_cartographer/cmake/turtlebot3_cartographerConfig.cmake
[1.584s] -- Installing: /home/lenovo2204/Documents/AGV/TurtleBot/install/turtlebot3_cartographer/share/turtlebot3_cartographer/cmake/turtlebot3_cartographerConfig-version.cmake
[1.584s] -- Installing: /home/lenovo2204/Documents/AGV/TurtleBot/install/turtlebot3_cartographer/share/turtlebot3_cartographer/package.xml
[1.593s] Invoked command in '/home/lenovo2204/Documents/AGV/TurtleBot/build/turtlebot3_cartographer' returned '0': CMAKE_PREFIX_PATH=/opt/ros/humble /usr/bin/cmake --install /home/lenovo2204/Documents/AGV/TurtleBot/build/turtlebot3_cartographer
