[0.033s] Invoking command in '/home/lenovo2204/Documents/AGV/TurtleBot/build/turtlebot3_node': CMAKE_PREFIX_PATH=/opt/ros/humble /usr/bin/cmake /home/lenovo2204/Documents/AGV/TurtleBot/src/turtlebot3/turtlebot3_node -DCMAKE_INSTALL_PREFIX=/home/lenovo2204/Documents/AGV/TurtleBot/install/turtlebot3_node
[0.119s] -- The C compiler identification is GNU 11.4.0
[0.239s] -- The CXX compiler identification is GNU 11.4.0
[0.252s] -- Detecting C compiler ABI info
[0.427s] -- Detecting C compiler ABI info - done
[0.471s] -- Check for working C compiler: /usr/bin/cc - skipped
[0.471s] -- Detecting C compile features
[0.471s] -- Detecting C compile features - done
[0.483s] -- Detecting CXX compiler ABI info
[0.679s] -- Detecting CXX compiler ABI info - done
[0.708s] -- Check for working CXX compiler: /usr/bin/c++ - skipped
[0.708s] -- Detecting CXX compile features
[0.708s] -- Detecting CXX compile features - done
[0.714s] -- Found ament_cmake: 1.3.10 (/opt/ros/humble/share/ament_cmake/cmake)
[1.110s] -- Found Python3: /usr/bin/python3 (found version "3.10.12") found components: Interpreter 
[1.270s] -- Found dynamixel_sdk: 3.7.60 (/opt/ros/humble/share/dynamixel_sdk/cmake)
[1.275s] -- Found geometry_msgs: 4.2.4 (/opt/ros/humble/share/geometry_msgs/cmake)
[1.324s] -- Found rosidl_generator_c: 3.1.5 (/opt/ros/humble/share/rosidl_generator_c/cmake)
[1.331s] -- Found rosidl_adapter: 3.1.5 (/opt/ros/humble/share/rosidl_adapter/cmake)
[1.345s] -- Found rosidl_generator_cpp: 3.1.5 (/opt/ros/humble/share/rosidl_generator_cpp/cmake)
[1.365s] -- Using all available rosidl_typesupport_c: rosidl_typesupport_fastrtps_c;rosidl_typesupport_introspection_c
[1.390s] -- Using all available rosidl_typesupport_cpp: rosidl_typesupport_fastrtps_cpp;rosidl_typesupport_introspection_cpp
[1.487s] -- Found message_filters: 4.3.5 (/opt/ros/humble/share/message_filters/cmake)
[1.614s] -- Found rmw_implementation_cmake: 6.1.2 (/opt/ros/humble/share/rmw_implementation_cmake/cmake)
[1.614s] -- Found rmw_fastrtps_cpp: 6.2.7 (/opt/ros/humble/share/rmw_fastrtps_cpp/cmake)
[1.822s] -- Found OpenSSL: /usr/lib/x86_64-linux-gnu/libcrypto.so (found version "3.0.2")  
[1.909s] -- Found FastRTPS: /opt/ros/humble/include  
[1.980s] -- Using RMW implementation 'rmw_fastrtps_cpp' as default
[1.997s] -- Looking for pthread.h
[2.265s] -- Looking for pthread.h - found
[2.265s] -- Performing Test CMAKE_HAVE_LIBC_PTHREAD
[2.482s] -- Performing Test CMAKE_HAVE_LIBC_PTHREAD - Success
[2.483s] -- Found Threads: TRUE  
[2.539s] -- Found nav_msgs: 4.2.4 (/opt/ros/humble/share/nav_msgs/cmake)
[2.637s] -- Found sensor_msgs: 4.2.4 (/opt/ros/humble/share/sensor_msgs/cmake)
[2.709s] -- Found std_srvs: 4.2.4 (/opt/ros/humble/share/std_srvs/cmake)
[2.768s] -- Found tf2: 0.25.8 (/opt/ros/humble/share/tf2/cmake)
[2.785s] -- Found tf2_ros: 0.25.8 (/opt/ros/humble/share/tf2_ros/cmake)
[3.152s] -- Found turtlebot3_msgs: 2.2.3 (/opt/ros/humble/share/turtlebot3_msgs/cmake)
[3.380s] -- Configuring done
[3.464s] -- Generating done
[3.472s] -- Build files have been written to: /home/lenovo2204/Documents/AGV/TurtleBot/build/turtlebot3_node
[3.516s] Invoked command in '/home/lenovo2204/Documents/AGV/TurtleBot/build/turtlebot3_node' returned '0': CMAKE_PREFIX_PATH=/opt/ros/humble /usr/bin/cmake /home/lenovo2204/Documents/AGV/TurtleBot/src/turtlebot3/turtlebot3_node -DCMAKE_INSTALL_PREFIX=/home/lenovo2204/Documents/AGV/TurtleBot/install/turtlebot3_node
[3.525s] Invoking command in '/home/lenovo2204/Documents/AGV/TurtleBot/build/turtlebot3_node': CMAKE_PREFIX_PATH=/opt/ros/humble /usr/bin/cmake --build /home/lenovo2204/Documents/AGV/TurtleBot/build/turtlebot3_node -- -j4 -l4
[3.679s] [  7%] [32mBuilding CXX object CMakeFiles/turtlebot3_node_lib.dir/src/diff_drive_controller.cpp.o[0m
[3.698s] [ 14%] [32mBuilding CXX object CMakeFiles/turtlebot3_node_lib.dir/src/devices/motor_power.cpp.o[0m
[3.714s] [ 28%] [32mBuilding CXX object CMakeFiles/turtlebot3_node_lib.dir/src/devices/sound.cpp.o[0m
[3.717s] [ 28%] [32mBuilding CXX object CMakeFiles/turtlebot3_node_lib.dir/src/devices/reset.cpp.o[0m
[12.215s] [ 35%] [32mBuilding CXX object CMakeFiles/turtlebot3_node_lib.dir/src/turtlebot3.cpp.o[0m
[26.032s] [ 42%] [32mBuilding CXX object CMakeFiles/turtlebot3_node_lib.dir/src/sensors/battery_state.cpp.o[0m
[31.073s] [ 50%] [32mBuilding CXX object CMakeFiles/turtlebot3_node_lib.dir/src/sensors/imu.cpp.o[0m
[36.070s] [ 57%] [32mBuilding CXX object CMakeFiles/turtlebot3_node_lib.dir/src/sensors/joint_state.cpp.o[0m
[40.705s] [ 64%] [32mBuilding CXX object CMakeFiles/turtlebot3_node_lib.dir/src/sensors/sensor_state.cpp.o[0m
[45.515s] [ 71%] [32mBuilding CXX object CMakeFiles/turtlebot3_node_lib.dir/src/odometry.cpp.o[0m
[62.201s] [ 78%] [32mBuilding CXX object CMakeFiles/turtlebot3_node_lib.dir/src/dynamixel_sdk_wrapper.cpp.o[0m
[62.750s] [ 85%] [32m[1mLinking CXX static library libturtlebot3_node_lib.a[0m
[63.297s] [ 85%] Built target turtlebot3_node_lib
[63.315s] [ 92%] [32mBuilding CXX object CMakeFiles/turtlebot3_ros.dir/src/node_main.cpp.o[0m
[67.492s] [100%] [32m[1mLinking CXX executable turtlebot3_ros[0m
[70.224s] [100%] Built target turtlebot3_ros
[70.234s] Invoked command in '/home/lenovo2204/Documents/AGV/TurtleBot/build/turtlebot3_node' returned '0': CMAKE_PREFIX_PATH=/opt/ros/humble /usr/bin/cmake --build /home/lenovo2204/Documents/AGV/TurtleBot/build/turtlebot3_node -- -j4 -l4
[70.284s] Invoking command in '/home/lenovo2204/Documents/AGV/TurtleBot/build/turtlebot3_node': CMAKE_PREFIX_PATH=/opt/ros/humble /usr/bin/cmake --install /home/lenovo2204/Documents/AGV/TurtleBot/build/turtlebot3_node
[70.289s] -- Install configuration: ""
[70.289s] -- Installing: /home/lenovo2204/Documents/AGV/TurtleBot/install/turtlebot3_node/share/turtlebot3_node/param
[70.290s] -- Installing: /home/lenovo2204/Documents/AGV/TurtleBot/install/turtlebot3_node/share/turtlebot3_node/param/waffle_pi.yaml
[70.290s] -- Installing: /home/lenovo2204/Documents/AGV/TurtleBot/install/turtlebot3_node/share/turtlebot3_node/param/burger.yaml
[70.290s] -- Installing: /home/lenovo2204/Documents/AGV/TurtleBot/install/turtlebot3_node/share/turtlebot3_node/param/waffle.yaml
[70.290s] -- Installing: /home/lenovo2204/Documents/AGV/TurtleBot/install/turtlebot3_node/lib/turtlebot3_node/turtlebot3_ros
[70.299s] -- Set runtime path of "/home/lenovo2204/Documents/AGV/TurtleBot/install/turtlebot3_node/lib/turtlebot3_node/turtlebot3_ros" to ""
[70.299s] -- Installing: /home/lenovo2204/Documents/AGV/TurtleBot/install/turtlebot3_node/share/ament_index/resource_index/package_run_dependencies/turtlebot3_node
[70.299s] -- Installing: /home/lenovo2204/Documents/AGV/TurtleBot/install/turtlebot3_node/share/ament_index/resource_index/parent_prefix_path/turtlebot3_node
[70.300s] -- Installing: /home/lenovo2204/Documents/AGV/TurtleBot/install/turtlebot3_node/share/turtlebot3_node/environment/ament_prefix_path.sh
[70.301s] -- Installing: /home/lenovo2204/Documents/AGV/TurtleBot/install/turtlebot3_node/share/turtlebot3_node/environment/ament_prefix_path.dsv
[70.301s] -- Installing: /home/lenovo2204/Documents/AGV/TurtleBot/install/turtlebot3_node/share/turtlebot3_node/environment/path.sh
[70.301s] -- Installing: /home/lenovo2204/Documents/AGV/TurtleBot/install/turtlebot3_node/share/turtlebot3_node/environment/path.dsv
[70.301s] -- Installing: /home/lenovo2204/Documents/AGV/TurtleBot/install/turtlebot3_node/share/turtlebot3_node/local_setup.bash
[70.301s] -- Installing: /home/lenovo2204/Documents/AGV/TurtleBot/install/turtlebot3_node/share/turtlebot3_node/local_setup.sh
[70.301s] -- Installing: /home/lenovo2204/Documents/AGV/TurtleBot/install/turtlebot3_node/share/turtlebot3_node/local_setup.zsh
[70.301s] -- Installing: /home/lenovo2204/Documents/AGV/TurtleBot/install/turtlebot3_node/share/turtlebot3_node/local_setup.dsv
[70.301s] -- Installing: /home/lenovo2204/Documents/AGV/TurtleBot/install/turtlebot3_node/share/turtlebot3_node/package.dsv
[70.301s] -- Installing: /home/lenovo2204/Documents/AGV/TurtleBot/install/turtlebot3_node/share/ament_index/resource_index/packages/turtlebot3_node
[70.301s] -- Installing: /home/lenovo2204/Documents/AGV/TurtleBot/install/turtlebot3_node/share/turtlebot3_node/cmake/ament_cmake_export_include_directories-extras.cmake
[70.302s] -- Installing: /home/lenovo2204/Documents/AGV/TurtleBot/install/turtlebot3_node/share/turtlebot3_node/cmake/turtlebot3_nodeConfig.cmake
[70.302s] -- Installing: /home/lenovo2204/Documents/AGV/TurtleBot/install/turtlebot3_node/share/turtlebot3_node/cmake/turtlebot3_nodeConfig-version.cmake
[70.302s] -- Installing: /home/lenovo2204/Documents/AGV/TurtleBot/install/turtlebot3_node/share/turtlebot3_node/package.xml
[70.305s] Invoked command in '/home/lenovo2204/Documents/AGV/TurtleBot/build/turtlebot3_node' returned '0': CMAKE_PREFIX_PATH=/opt/ros/humble /usr/bin/cmake --install /home/lenovo2204/Documents/AGV/TurtleBot/build/turtlebot3_node
