[0.032s] Invoking command in '/home/lenovo2204/Documents/AGV/TurtleBot/build/turtlebot3_description': CMAKE_PREFIX_PATH=/opt/ros/humble /usr/bin/cmake /home/lenovo2204/Documents/AGV/TurtleBot/src/turtlebot3/turtlebot3_description -DCMAKE_INSTALL_PREFIX=/home/lenovo2204/Documents/AGV/TurtleBot/install/turtlebot3_description
[0.113s] -- The C compiler identification is GNU 11.4.0
[0.230s] -- The CXX compiler identification is GNU 11.4.0
[0.250s] -- Detecting C compiler ABI info
[0.488s] -- Detecting C compiler ABI info - done
[0.512s] -- Check for working C compiler: /usr/bin/cc - skipped
[0.514s] -- Detecting C compile features
[0.514s] -- Detecting C compile features - done
[0.514s] -- Detecting CXX compiler ABI info
[0.740s] -- Detecting CXX compiler ABI info - done
[0.769s] -- Check for working CXX compiler: /usr/bin/c++ - skipped
[0.769s] -- Detecting CXX compile features
[0.769s] -- Detecting CXX compile features - done
[0.769s] -- Found ament_cmake: 1.3.10 (/opt/ros/humble/share/ament_cmake/cmake)
[1.138s] -- Found Python3: /usr/bin/python3 (found version "3.10.12") found components: Interpreter 
[1.289s] -- Found urdf: 2.6.1 (/opt/ros/humble/share/urdf/cmake)
[1.541s] -- Configuring done
[1.559s] -- Generating done
[1.572s] -- Build files have been written to: /home/lenovo2204/Documents/AGV/TurtleBot/build/turtlebot3_description
[1.593s] Invoked command in '/home/lenovo2204/Documents/AGV/TurtleBot/build/turtlebot3_description' returned '0': CMAKE_PREFIX_PATH=/opt/ros/humble /usr/bin/cmake /home/lenovo2204/Documents/AGV/TurtleBot/src/turtlebot3/turtlebot3_description -DCMAKE_INSTALL_PREFIX=/home/lenovo2204/Documents/AGV/TurtleBot/install/turtlebot3_description
[1.599s] Invoking command in '/home/lenovo2204/Documents/AGV/TurtleBot/build/turtlebot3_description': CMAKE_PREFIX_PATH=/opt/ros/humble /usr/bin/cmake --build /home/lenovo2204/Documents/AGV/TurtleBot/build/turtlebot3_description -- -j4 -l4
[1.708s] Invoked command in '/home/lenovo2204/Documents/AGV/TurtleBot/build/turtlebot3_description' returned '0': CMAKE_PREFIX_PATH=/opt/ros/humble /usr/bin/cmake --build /home/lenovo2204/Documents/AGV/TurtleBot/build/turtlebot3_description -- -j4 -l4
[1.768s] Invoking command in '/home/lenovo2204/Documents/AGV/TurtleBot/build/turtlebot3_description': CMAKE_PREFIX_PATH=/opt/ros/humble /usr/bin/cmake --install /home/lenovo2204/Documents/AGV/TurtleBot/build/turtlebot3_description
[1.780s] -- Install configuration: ""
[1.781s] -- Installing: /home/lenovo2204/Documents/AGV/TurtleBot/install/turtlebot3_description/share/turtlebot3_description/meshes
[1.784s] -- Installing: /home/lenovo2204/Documents/AGV/TurtleBot/install/turtlebot3_description/share/turtlebot3_description/meshes/bases
[1.784s] -- Installing: /home/lenovo2204/Documents/AGV/TurtleBot/install/turtlebot3_description/share/turtlebot3_description/meshes/bases/burger_base.stl
[1.824s] -- Installing: /home/lenovo2204/Documents/AGV/TurtleBot/install/turtlebot3_description/share/turtlebot3_description/meshes/bases/waffle_pi_base.stl
[1.827s] -- Installing: /home/lenovo2204/Documents/AGV/TurtleBot/install/turtlebot3_description/share/turtlebot3_description/meshes/bases/waffle_base.stl
[1.836s] -- Installing: /home/lenovo2204/Documents/AGV/TurtleBot/install/turtlebot3_description/share/turtlebot3_description/meshes/wheels
[1.836s] -- Installing: /home/lenovo2204/Documents/AGV/TurtleBot/install/turtlebot3_description/share/turtlebot3_description/meshes/wheels/left_tire.stl
[1.837s] -- Installing: /home/lenovo2204/Documents/AGV/TurtleBot/install/turtlebot3_description/share/turtlebot3_description/meshes/wheels/right_tire.stl
[1.839s] -- Installing: /home/lenovo2204/Documents/AGV/TurtleBot/install/turtlebot3_description/share/turtlebot3_description/meshes/sensors
[1.840s] -- Installing: /home/lenovo2204/Documents/AGV/TurtleBot/install/turtlebot3_description/share/turtlebot3_description/meshes/sensors/r200.dae
[1.840s] -- Installing: /home/lenovo2204/Documents/AGV/TurtleBot/install/turtlebot3_description/share/turtlebot3_description/meshes/sensors/astra.jpg
[1.840s] -- Installing: /home/lenovo2204/Documents/AGV/TurtleBot/install/turtlebot3_description/share/turtlebot3_description/meshes/sensors/r200.jpg
[1.840s] -- Installing: /home/lenovo2204/Documents/AGV/TurtleBot/install/turtlebot3_description/share/turtlebot3_description/meshes/sensors/lds.stl
[1.842s] -- Installing: /home/lenovo2204/Documents/AGV/TurtleBot/install/turtlebot3_description/share/turtlebot3_description/meshes/sensors/astra.dae
[1.873s] -- Installing: /home/lenovo2204/Documents/AGV/TurtleBot/install/turtlebot3_description/share/turtlebot3_description/rviz
[1.874s] -- Installing: /home/lenovo2204/Documents/AGV/TurtleBot/install/turtlebot3_description/share/turtlebot3_description/rviz/model.rviz
[1.874s] -- Installing: /home/lenovo2204/Documents/AGV/TurtleBot/install/turtlebot3_description/share/turtlebot3_description/urdf
[1.874s] -- Installing: /home/lenovo2204/Documents/AGV/TurtleBot/install/turtlebot3_description/share/turtlebot3_description/urdf/turtlebot3_waffle_pi.urdf
[1.874s] -- Installing: /home/lenovo2204/Documents/AGV/TurtleBot/install/turtlebot3_description/share/turtlebot3_description/urdf/turtlebot3_waffle.urdf
[1.874s] -- Installing: /home/lenovo2204/Documents/AGV/TurtleBot/install/turtlebot3_description/share/turtlebot3_description/urdf/turtlebot3_burger.urdf
[1.874s] -- Installing: /home/lenovo2204/Documents/AGV/TurtleBot/install/turtlebot3_description/share/turtlebot3_description/urdf/common_properties.urdf
[1.874s] -- Installing: /home/lenovo2204/Documents/AGV/TurtleBot/install/turtlebot3_description/share/ament_index/resource_index/package_run_dependencies/turtlebot3_description
[1.874s] -- Installing: /home/lenovo2204/Documents/AGV/TurtleBot/install/turtlebot3_description/share/ament_index/resource_index/parent_prefix_path/turtlebot3_description
[1.879s] -- Installing: /home/lenovo2204/Documents/AGV/TurtleBot/install/turtlebot3_description/share/turtlebot3_description/environment/ament_prefix_path.sh
[1.879s] -- Installing: /home/lenovo2204/Documents/AGV/TurtleBot/install/turtlebot3_description/share/turtlebot3_description/environment/ament_prefix_path.dsv
[1.879s] -- Installing: /home/lenovo2204/Documents/AGV/TurtleBot/install/turtlebot3_description/share/turtlebot3_description/environment/path.sh
[1.879s] -- Installing: /home/lenovo2204/Documents/AGV/TurtleBot/install/turtlebot3_description/share/turtlebot3_description/environment/path.dsv
[1.879s] -- Installing: /home/lenovo2204/Documents/AGV/TurtleBot/install/turtlebot3_description/share/turtlebot3_description/local_setup.bash
[1.879s] -- Installing: /home/lenovo2204/Documents/AGV/TurtleBot/install/turtlebot3_description/share/turtlebot3_description/local_setup.sh
[1.879s] -- Installing: /home/lenovo2204/Documents/AGV/TurtleBot/install/turtlebot3_description/share/turtlebot3_description/local_setup.zsh
[1.886s] -- Installing: /home/lenovo2204/Documents/AGV/TurtleBot/install/turtlebot3_description/share/turtlebot3_description/local_setup.dsv
[1.886s] -- Installing: /home/lenovo2204/Documents/AGV/TurtleBot/install/turtlebot3_description/share/turtlebot3_description/package.dsv
[1.886s] -- Installing: /home/lenovo2204/Documents/AGV/TurtleBot/install/turtlebot3_description/share/ament_index/resource_index/packages/turtlebot3_description
[1.886s] -- Installing: /home/lenovo2204/Documents/AGV/TurtleBot/install/turtlebot3_description/share/turtlebot3_description/cmake/turtlebot3_descriptionConfig.cmake
[1.887s] -- Installing: /home/lenovo2204/Documents/AGV/TurtleBot/install/turtlebot3_description/share/turtlebot3_description/cmake/turtlebot3_descriptionConfig-version.cmake
[1.887s] -- Installing: /home/lenovo2204/Documents/AGV/TurtleBot/install/turtlebot3_description/share/turtlebot3_description/package.xml
[1.888s] Invoked command in '/home/lenovo2204/Documents/AGV/TurtleBot/build/turtlebot3_description' returned '0': CMAKE_PREFIX_PATH=/opt/ros/humble /usr/bin/cmake --install /home/lenovo2204/Documents/AGV/TurtleBot/build/turtlebot3_description
