[0.112s] DEBUG:colcon:Command line arguments: ['/usr/bin/colcon', 'build']
[0.112s] DEBUG:colcon:Parsed command line arguments: Namespace(log_base=None, log_level=None, verb_name='build', build_base='build', install_base='install', merge_install=False, symlink_install=False, test_result_base=None, continue_on_error=False, executor='parallel', parallel_workers=4, event_handlers=None, ignore_user_meta=False, metas=['./colcon.meta'], base_paths=['.'], packages_ignore=None, packages_ignore_regex=None, paths=None, packages_up_to=None, packages_up_to_regex=None, packages_above=None, packages_above_and_dependencies=None, packages_above_depth=None, packages_select_by_dep=None, packages_skip_by_dep=None, packages_skip_up_to=None, packages_select_build_failed=False, packages_skip_build_finished=False, packages_select_test_failures=False, packages_skip_test_passed=False, packages_select=None, packages_skip=None, packages_select_regex=None, packages_skip_regex=None, packages_start=None, packages_end=None, allow_overriding=[], cmake_args=None, cmake_target=None, cmake_target_skip_unavailable=False, cmake_clean_cache=False, cmake_clean_first=False, cmake_force_configure=False, ament_cmake_args=None, catkin_cmake_args=None, catkin_skip_building_tests=False, mixin_files=None, mixin=None, verb_parser=<colcon_mixin.mixin.mixin_argument.MixinArgumentDecorator object at 0x77451aa3b430>, verb_extension=<colcon_core.verb.build.BuildVerb object at 0x77451aa3ada0>, main=<bound method BuildVerb.main of <colcon_core.verb.build.BuildVerb object at 0x77451aa3ada0>>, mixin_verb=('build',))
[0.297s] Level 1:colcon.colcon_core.package_discovery:discover_packages(colcon_meta) check parameters
[0.298s] Level 1:colcon.colcon_core.package_discovery:discover_packages(recursive) check parameters
[0.298s] Level 1:colcon.colcon_core.package_discovery:discover_packages(ignore) check parameters
[0.298s] Level 1:colcon.colcon_core.package_discovery:discover_packages(path) check parameters
[0.298s] Level 1:colcon.colcon_core.package_discovery:discover_packages(colcon_meta) discover
[0.298s] Level 1:colcon.colcon_core.package_discovery:discover_packages(recursive) discover
[0.298s] INFO:colcon.colcon_core.package_discovery:Crawling recursively for packages in '/home/lenovo2204/Documents/AGV/AgvControl'
[0.298s] Level 1:colcon.colcon_core.package_identification:_identify(.) by extensions ['ignore', 'ignore_ament_install']
[0.298s] Level 1:colcon.colcon_core.package_identification:_identify(.) by extension 'ignore'
[0.298s] Level 1:colcon.colcon_core.package_identification:_identify(.) by extension 'ignore_ament_install'
[0.298s] Level 1:colcon.colcon_core.package_identification:_identify(.) by extensions ['colcon_pkg']
[0.298s] Level 1:colcon.colcon_core.package_identification:_identify(.) by extension 'colcon_pkg'
[0.298s] Level 1:colcon.colcon_core.package_identification:_identify(.) by extensions ['colcon_meta']
[0.298s] Level 1:colcon.colcon_core.package_identification:_identify(.) by extension 'colcon_meta'
[0.299s] Level 1:colcon.colcon_core.package_identification:_identify(.) by extensions ['ros']
[0.299s] Level 1:colcon.colcon_core.package_identification:_identify(.) by extension 'ros'
[0.312s] Level 1:colcon.colcon_core.package_identification:_identify(.) by extensions ['cmake', 'python']
[0.312s] Level 1:colcon.colcon_core.package_identification:_identify(.) by extension 'cmake'
[0.312s] Level 1:colcon.colcon_core.package_identification:_identify(.) by extension 'python'
[0.312s] Level 1:colcon.colcon_core.package_identification:_identify(.) by extensions ['python_setup_py']
[0.312s] Level 1:colcon.colcon_core.package_identification:_identify(.) by extension 'python_setup_py'
[0.312s] Level 1:colcon.colcon_core.package_identification:_identify(build) by extensions ['ignore', 'ignore_ament_install']
[0.312s] Level 1:colcon.colcon_core.package_identification:_identify(build) by extension 'ignore'
[0.312s] Level 1:colcon.colcon_core.package_identification:_identify(build) ignored
[0.312s] Level 1:colcon.colcon_core.package_identification:_identify(install) by extensions ['ignore', 'ignore_ament_install']
[0.312s] Level 1:colcon.colcon_core.package_identification:_identify(install) by extension 'ignore'
[0.312s] Level 1:colcon.colcon_core.package_identification:_identify(install) ignored
[0.312s] Level 1:colcon.colcon_core.package_identification:_identify(log) by extensions ['ignore', 'ignore_ament_install']
[0.312s] Level 1:colcon.colcon_core.package_identification:_identify(log) by extension 'ignore'
[0.313s] Level 1:colcon.colcon_core.package_identification:_identify(log) ignored
[0.313s] Level 1:colcon.colcon_core.package_identification:_identify(src) by extensions ['ignore', 'ignore_ament_install']
[0.313s] Level 1:colcon.colcon_core.package_identification:_identify(src) by extension 'ignore'
[0.313s] Level 1:colcon.colcon_core.package_identification:_identify(src) by extension 'ignore_ament_install'
[0.313s] Level 1:colcon.colcon_core.package_identification:_identify(src) by extensions ['colcon_pkg']
[0.313s] Level 1:colcon.colcon_core.package_identification:_identify(src) by extension 'colcon_pkg'
[0.313s] Level 1:colcon.colcon_core.package_identification:_identify(src) by extensions ['colcon_meta']
[0.313s] Level 1:colcon.colcon_core.package_identification:_identify(src) by extension 'colcon_meta'
[0.313s] Level 1:colcon.colcon_core.package_identification:_identify(src) by extensions ['ros']
[0.313s] Level 1:colcon.colcon_core.package_identification:_identify(src) by extension 'ros'
[0.316s] DEBUG:colcon.colcon_core.package_identification:Package 'src' with type 'ros.ament_cmake' and name 'agv_control'
[0.316s] Level 1:colcon.colcon_core.package_discovery:discover_packages(recursive) using defaults
[0.316s] Level 1:colcon.colcon_core.package_discovery:discover_packages(ignore) discover
[0.316s] Level 1:colcon.colcon_core.package_discovery:discover_packages(ignore) using defaults
[0.316s] Level 1:colcon.colcon_core.package_discovery:discover_packages(path) discover
[0.316s] Level 1:colcon.colcon_core.package_discovery:discover_packages(path) using defaults
[0.346s] Level 1:colcon.colcon_core.package_discovery:discover_packages(prefix_path) check parameters
[0.346s] Level 1:colcon.colcon_core.package_discovery:discover_packages(prefix_path) discover
[0.349s] DEBUG:colcon.colcon_installed_package_information.package_discovery:Found 282 installed packages in /opt/ros/humble
[0.350s] Level 1:colcon.colcon_core.package_discovery:discover_packages(prefix_path) using defaults
[0.387s] Level 5:colcon.colcon_core.verb:set package 'agv_control' build argument 'cmake_args' from command line to 'None'
[0.387s] Level 5:colcon.colcon_core.verb:set package 'agv_control' build argument 'cmake_target' from command line to 'None'
[0.387s] Level 5:colcon.colcon_core.verb:set package 'agv_control' build argument 'cmake_target_skip_unavailable' from command line to 'False'
[0.387s] Level 5:colcon.colcon_core.verb:set package 'agv_control' build argument 'cmake_clean_cache' from command line to 'False'
[0.387s] Level 5:colcon.colcon_core.verb:set package 'agv_control' build argument 'cmake_clean_first' from command line to 'False'
[0.387s] Level 5:colcon.colcon_core.verb:set package 'agv_control' build argument 'cmake_force_configure' from command line to 'False'
[0.387s] Level 5:colcon.colcon_core.verb:set package 'agv_control' build argument 'ament_cmake_args' from command line to 'None'
[0.387s] Level 5:colcon.colcon_core.verb:set package 'agv_control' build argument 'catkin_cmake_args' from command line to 'None'
[0.387s] Level 5:colcon.colcon_core.verb:set package 'agv_control' build argument 'catkin_skip_building_tests' from command line to 'False'
[0.387s] DEBUG:colcon.colcon_core.verb:Building package 'agv_control' with the following arguments: {'ament_cmake_args': None, 'build_base': '/home/lenovo2204/Documents/AGV/AgvControl/build/agv_control', 'catkin_cmake_args': None, 'catkin_skip_building_tests': False, 'cmake_args': None, 'cmake_clean_cache': False, 'cmake_clean_first': False, 'cmake_force_configure': False, 'cmake_target': None, 'cmake_target_skip_unavailable': False, 'install_base': '/home/lenovo2204/Documents/AGV/AgvControl/install/agv_control', 'merge_install': False, 'path': '/home/lenovo2204/Documents/AGV/AgvControl/src', 'symlink_install': False, 'test_result_base': None}
[0.387s] INFO:colcon.colcon_core.executor:Executing jobs using 'parallel' executor
[0.388s] DEBUG:colcon.colcon_parallel_executor.executor.parallel:run_until_complete
[0.388s] INFO:colcon.colcon_ros.task.ament_cmake.build:Building ROS package in '/home/lenovo2204/Documents/AGV/AgvControl/src' with build type 'ament_cmake'
[0.389s] INFO:colcon.colcon_cmake.task.cmake.build:Building CMake package in '/home/lenovo2204/Documents/AGV/AgvControl/src'
[0.390s] INFO:colcon.colcon_core.plugin_system:Skipping extension 'colcon_core.shell.bat': Not used on non-Windows systems
[0.391s] INFO:colcon.colcon_core.shell:Skip shell extension 'powershell' for command environment: Not usable outside of PowerShell
[0.391s] DEBUG:colcon.colcon_core.shell:Skip shell extension 'dsv' for command environment
[0.399s] DEBUG:colcon.colcon_core.event_handler.log_command:Invoking command in '/home/lenovo2204/Documents/AGV/AgvControl/build/agv_control': CMAKE_PREFIX_PATH=/opt/ros/humble /usr/bin/cmake /home/lenovo2204/Documents/AGV/AgvControl/src -DCMAKE_INSTALL_PREFIX=/home/lenovo2204/Documents/AGV/AgvControl/install/agv_control
[1.524s] DEBUG:colcon.colcon_core.event_handler.log_command:Invoked command in '/home/lenovo2204/Documents/AGV/AgvControl/build/agv_control' returned '0': CMAKE_PREFIX_PATH=/opt/ros/humble /usr/bin/cmake /home/lenovo2204/Documents/AGV/AgvControl/src -DCMAKE_INSTALL_PREFIX=/home/lenovo2204/Documents/AGV/AgvControl/install/agv_control
[1.526s] DEBUG:colcon.colcon_core.event_handler.log_command:Invoking command in '/home/lenovo2204/Documents/AGV/AgvControl/build/agv_control': CMAKE_PREFIX_PATH=/opt/ros/humble /usr/bin/cmake --build /home/lenovo2204/Documents/AGV/AgvControl/build/agv_control -- -j4 -l4
[6.175s] DEBUG:colcon.colcon_core.event_handler.log_command:Invoked command in '/home/lenovo2204/Documents/AGV/AgvControl/build/agv_control' returned '0': CMAKE_PREFIX_PATH=/opt/ros/humble /usr/bin/cmake --build /home/lenovo2204/Documents/AGV/AgvControl/build/agv_control -- -j4 -l4
[6.203s] DEBUG:colcon.colcon_core.event_handler.log_command:Invoking command in '/home/lenovo2204/Documents/AGV/AgvControl/build/agv_control': CMAKE_PREFIX_PATH=/opt/ros/humble /usr/bin/cmake --install /home/lenovo2204/Documents/AGV/AgvControl/build/agv_control
[6.214s] Level 1:colcon.colcon_core.environment:create_environment_scripts_only(agv_control)
[6.215s] DEBUG:colcon.colcon_core.event_handler.log_command:Invoked command in '/home/lenovo2204/Documents/AGV/AgvControl/build/agv_control' returned '0': CMAKE_PREFIX_PATH=/opt/ros/humble /usr/bin/cmake --install /home/lenovo2204/Documents/AGV/AgvControl/build/agv_control
[6.220s] Level 1:colcon.colcon_core.environment:checking '/home/lenovo2204/Documents/AGV/AgvControl/install/agv_control' for CMake module files
[6.220s] Level 1:colcon.colcon_core.environment:checking '/home/lenovo2204/Documents/AGV/AgvControl/install/agv_control' for CMake config files
[6.221s] Level 1:colcon.colcon_core.shell:create_environment_hook('agv_control', 'cmake_prefix_path')
[6.221s] INFO:colcon.colcon_core.shell:Creating environment hook '/home/lenovo2204/Documents/AGV/AgvControl/install/agv_control/share/agv_control/hook/cmake_prefix_path.ps1'
[6.222s] INFO:colcon.colcon_core.shell:Creating environment descriptor '/home/lenovo2204/Documents/AGV/AgvControl/install/agv_control/share/agv_control/hook/cmake_prefix_path.dsv'
[6.222s] INFO:colcon.colcon_core.shell:Creating environment hook '/home/lenovo2204/Documents/AGV/AgvControl/install/agv_control/share/agv_control/hook/cmake_prefix_path.sh'
[6.223s] Level 1:colcon.colcon_core.environment:checking '/home/lenovo2204/Documents/AGV/AgvControl/install/agv_control/lib'
[6.224s] Level 1:colcon.colcon_core.environment:checking '/home/lenovo2204/Documents/AGV/AgvControl/install/agv_control/bin'
[6.224s] Level 1:colcon.colcon_core.environment:checking '/home/lenovo2204/Documents/AGV/AgvControl/install/agv_control/lib/pkgconfig/agv_control.pc'
[6.224s] Level 1:colcon.colcon_core.environment:checking '/home/lenovo2204/Documents/AGV/AgvControl/install/agv_control/lib/python3.10/site-packages'
[6.224s] Level 1:colcon.colcon_core.environment:checking '/home/lenovo2204/Documents/AGV/AgvControl/install/agv_control/bin'
[6.225s] INFO:colcon.colcon_core.shell:Creating package script '/home/lenovo2204/Documents/AGV/AgvControl/install/agv_control/share/agv_control/package.ps1'
[6.225s] INFO:colcon.colcon_core.shell:Creating package descriptor '/home/lenovo2204/Documents/AGV/AgvControl/install/agv_control/share/agv_control/package.dsv'
[6.226s] INFO:colcon.colcon_core.shell:Creating package script '/home/lenovo2204/Documents/AGV/AgvControl/install/agv_control/share/agv_control/package.sh'
[6.226s] INFO:colcon.colcon_core.shell:Creating package script '/home/lenovo2204/Documents/AGV/AgvControl/install/agv_control/share/agv_control/package.bash'
[6.227s] INFO:colcon.colcon_core.shell:Creating package script '/home/lenovo2204/Documents/AGV/AgvControl/install/agv_control/share/agv_control/package.zsh'
[6.227s] Level 1:colcon.colcon_core.environment:create_file_with_runtime_dependencies(/home/lenovo2204/Documents/AGV/AgvControl/install/agv_control/share/colcon-core/packages/agv_control)
[6.252s] Level 1:colcon.colcon_core.environment:create_environment_scripts_only(agv_control)
[6.252s] Level 1:colcon.colcon_core.environment:checking '/home/lenovo2204/Documents/AGV/AgvControl/install/agv_control' for CMake module files
[6.253s] Level 1:colcon.colcon_core.environment:checking '/home/lenovo2204/Documents/AGV/AgvControl/install/agv_control' for CMake config files
[6.253s] Level 1:colcon.colcon_core.shell:create_environment_hook('agv_control', 'cmake_prefix_path')
[6.254s] INFO:colcon.colcon_core.shell:Creating environment hook '/home/lenovo2204/Documents/AGV/AgvControl/install/agv_control/share/agv_control/hook/cmake_prefix_path.ps1'
[6.254s] INFO:colcon.colcon_core.shell:Creating environment descriptor '/home/lenovo2204/Documents/AGV/AgvControl/install/agv_control/share/agv_control/hook/cmake_prefix_path.dsv'
[6.254s] INFO:colcon.colcon_core.shell:Creating environment hook '/home/lenovo2204/Documents/AGV/AgvControl/install/agv_control/share/agv_control/hook/cmake_prefix_path.sh'
[6.255s] Level 1:colcon.colcon_core.environment:checking '/home/lenovo2204/Documents/AGV/AgvControl/install/agv_control/lib'
[6.255s] Level 1:colcon.colcon_core.environment:checking '/home/lenovo2204/Documents/AGV/AgvControl/install/agv_control/bin'
[6.255s] Level 1:colcon.colcon_core.environment:checking '/home/lenovo2204/Documents/AGV/AgvControl/install/agv_control/lib/pkgconfig/agv_control.pc'
[6.255s] Level 1:colcon.colcon_core.environment:checking '/home/lenovo2204/Documents/AGV/AgvControl/install/agv_control/lib/python3.10/site-packages'
[6.256s] Level 1:colcon.colcon_core.environment:checking '/home/lenovo2204/Documents/AGV/AgvControl/install/agv_control/bin'
[6.256s] INFO:colcon.colcon_core.shell:Creating package script '/home/lenovo2204/Documents/AGV/AgvControl/install/agv_control/share/agv_control/package.ps1'
[6.256s] INFO:colcon.colcon_core.shell:Creating package descriptor '/home/lenovo2204/Documents/AGV/AgvControl/install/agv_control/share/agv_control/package.dsv'
[6.257s] INFO:colcon.colcon_core.shell:Creating package script '/home/lenovo2204/Documents/AGV/AgvControl/install/agv_control/share/agv_control/package.sh'
[6.257s] INFO:colcon.colcon_core.shell:Creating package script '/home/lenovo2204/Documents/AGV/AgvControl/install/agv_control/share/agv_control/package.bash'
[6.257s] INFO:colcon.colcon_core.shell:Creating package script '/home/lenovo2204/Documents/AGV/AgvControl/install/agv_control/share/agv_control/package.zsh'
[6.258s] Level 1:colcon.colcon_core.environment:create_file_with_runtime_dependencies(/home/lenovo2204/Documents/AGV/AgvControl/install/agv_control/share/colcon-core/packages/agv_control)
[6.258s] DEBUG:colcon.colcon_parallel_executor.executor.parallel:closing loop
[6.258s] DEBUG:colcon.colcon_parallel_executor.executor.parallel:loop closed
[6.258s] DEBUG:colcon.colcon_parallel_executor.executor.parallel:run_until_complete finished with '0'
[6.258s] DEBUG:colcon.colcon_core.event_reactor:joining thread
[6.265s] INFO:colcon.colcon_core.plugin_system:Skipping extension 'colcon_notification.desktop_notification.terminal_notifier': Not used on non-Darwin systems
[6.265s] INFO:colcon.colcon_core.plugin_system:Skipping extension 'colcon_notification.desktop_notification.win32': Not used on non-Windows systems
[6.266s] INFO:colcon.colcon_notification.desktop_notification:Sending desktop notification using 'notify2'
[6.282s] DEBUG:colcon.colcon_core.event_reactor:joined thread
[6.283s] INFO:colcon.colcon_core.shell:Creating prefix script '/home/lenovo2204/Documents/AGV/AgvControl/install/local_setup.ps1'
[6.285s] INFO:colcon.colcon_core.shell:Creating prefix util module '/home/lenovo2204/Documents/AGV/AgvControl/install/_local_setup_util_ps1.py'
[6.288s] INFO:colcon.colcon_core.shell:Creating prefix chain script '/home/lenovo2204/Documents/AGV/AgvControl/install/setup.ps1'
[6.289s] INFO:colcon.colcon_core.shell:Creating prefix script '/home/lenovo2204/Documents/AGV/AgvControl/install/local_setup.sh'
[6.290s] INFO:colcon.colcon_core.shell:Creating prefix util module '/home/lenovo2204/Documents/AGV/AgvControl/install/_local_setup_util_sh.py'
[6.291s] INFO:colcon.colcon_core.shell:Creating prefix chain script '/home/lenovo2204/Documents/AGV/AgvControl/install/setup.sh'
[6.293s] INFO:colcon.colcon_core.shell:Creating prefix script '/home/lenovo2204/Documents/AGV/AgvControl/install/local_setup.bash'
[6.293s] INFO:colcon.colcon_core.shell:Creating prefix chain script '/home/lenovo2204/Documents/AGV/AgvControl/install/setup.bash'
[6.295s] INFO:colcon.colcon_core.shell:Creating prefix script '/home/lenovo2204/Documents/AGV/AgvControl/install/local_setup.zsh'
[6.296s] INFO:colcon.colcon_core.shell:Creating prefix chain script '/home/lenovo2204/Documents/AGV/AgvControl/install/setup.zsh'
